

1482260703337	 restart server
1482260703422	 connecting data service
1482260703492	 data service connected
1482260703492	 using hardcoded user, devUser()
1482260703492	 

1482260703492	 connecting main routes
1482260705045	 

1482260705045	 creating chatbox routes
1482260705050	 	/chatbox
1482260705050	 	/style
1482260705050	 	/bot
1482260705050	 	/deleteBot
1482260705050	 	/convert
1482260705050	 ./endpoints.createchatbox 
1482260705060	 ./endpoints.loadmessagetemplate 
1482260705627	 ./endpoints.conversate/operator 
1482260705633	 ./endpoints.receivecontactform 
1482260705638	 ./endpoints.log 
1482260705638	 

1482260705638	 connecting static apps
1482260705638	 ./backend 
1482260705638	 ./demo 
1482260705638	 ./builder 
1482260705639	 

1482260705639	 Error Handling 
1482260705639	 

1482260705639	 SERVER READY 

1482260719285	 GET/chatbox
				 meta: {"query":{"key":"583c49634bb2eab840bae876"}}
1482260729193	 GET/chatbox
				 meta: {"query":{"key":"583c49634bb2eab840bae876"}}
1482260730757	 SOCKET/register
				 meta: {"key":"583c49634bb2eab840bae876","sessionID":"1GBqLObzxvRt8uSJ","url":"http://localhost:8080/demo/provider.html","icon":null}
1482260731492	 Creating Bot
				 meta: {"sessionID":"AgjbMQbJwkq2trFf"}
1482260732361	 SOCKET/join room
				 meta: {"room":"0a2ee5a1fb56ce2cb06040fcdf3584d7","source":"bot"}
1482260732921	 SOCKET/message
				 meta: {"_id":"5806781b29b9ce2a7d7a7541","owner":"57699528f4924a7f641e4950","name":"demoBot","version":"0.0.1","qcode":"welcome","appId":"kurbi","cobjectId":"botdialog","actions":{"comments":[],"ratings":{"users":[],"avg":0,"total":0},"votes":{"users_downvote":[],"users_upvote":[],"users":[],"total":0}},"dt_update":"2016-10-18T19:29:31.035Z","dt_create":"2016-10-18T19:29:31.035Z","__v":0,"id":"5806781b29b9ce2a7d7a7541","message":{"type":"welcome message","body":{"displayName":"Madison Area Wellness Collective","text":"Thanks for visiting our website. We know how confusing it can be to find the answers and care you need. We’d love for you to choose on our members, but more than that we’d like to help you find someone that is the best fit for your needs and interests.\n\nWould you mind answering a couple of questions to help us point you in the right direction?\nIMPORTANT: This chat is anonymous until the end, but if at that point you choose to share private information with us, please know that you are legally sharing this with a HIPAA-compliant vendor. Click on 'Privacy Policy' in the footer of this page for more information.","image":"http://kchat:8080/backend/icons/PNG/mawc.png"}},"responses":{"type":"response welcome","body":{"yes":{"text":"Ok, let's go","id":"begin","message":{"type":"text message","qCode":null,"meta":"yes","body":{"text":"Okay, let's go"}}},"no":{"text":"I'd rather not","id":"cancel","message":{"type":"text message","qCode":null,"meta":"no","body":{"text":"I'd rather not"}}}}}}
1482260733647	 GET/template
				 meta: {"query":{"client":"web","version":"1","template":"welcome message"}}
1482260733652	 GET/template
				 meta: {"query":{"client":"web","version":"1","template":"response welcome"}}
1482260734859	 SOCKET/start
				 meta: {"key":"583c49634bb2eab840bae876","sessionID":"1GBqLObzxvRt8uSJ","url":"http://localhost:8080/demo/provider.html","icon":null}
1482260735136	 SOCKET/message
				 meta: {"_id":"5806781b4e19e52f7d5cdaf1","owner":"57699528f4924a7f641e4950","name":"demoBot","version":"0.0.1","qcode":"avatar","appId":"kurbi","cobjectId":"botdialog","actions":{"comments":[],"ratings":{"users":[],"avg":0,"total":0},"votes":{"users_downvote":[],"users_upvote":[],"users":[],"total":0}},"dt_update":"2016-10-18T19:29:30.999Z","dt_create":"2016-10-18T19:29:30.999Z","__v":0,"id":"5806781b4e19e52f7d5cdaf1","message":{"type":"text message","body":{"displayName":"Madison Area Wellness Collective","text":"Our chat is completely anonymous, so let's start by choosing an avatar you'd like to represent you."}},"responses":{"type":"response list icons","body":[{"id":1,"message":{"body":{"image":"http://kchat:8080/backend/icons/PNG/icon-1.png"},"meta":1,"qCode":"get symptom","type":"image message"},"url":"http://kchat:8080/backend/icons/PNG/icon-1.png"},{"id":2,"message":{"body":{"image":"http://kchat:8080/backend/icons/PNG/icon-2.png"},"meta":2,"qCode":"get symptom","type":"image message"},"url":"http://kchat:8080/backend/icons/PNG/icon-2.png"},{"id":3,"message":{"body":{"image":"http://kchat:8080/backend/icons/PNG/icon-3.png"},"meta":3,"qCode":"get symptom","type":"image message"},"url":"http://kchat:8080/backend/icons/PNG/icon-3.png"},{"id":4,"message":{"body":{"image":"http://kchat:8080/backend/icons/PNG/icon-4.png"},"meta":4,"qCode":"get symptom","type":"image message"},"url":"http://kchat:8080/backend/icons/PNG/icon-4.png"},{"id":5,"message":{"body":{"image":"http://kchat:8080/backend/icons/PNG/icon-5.png"},"meta":5,"qCode":"get symptom","type":"image message"},"url":"http://kchat:8080/backend/icons/PNG/icon-5.png"},{"id":6,"message":{"body":{"image":"http://kchat:8080/backend/icons/PNG/icon-6.png"},"meta":6,"qCode":"get symptom","type":"image message"},"url":"http://kchat:8080/backend/icons/PNG/icon-6.png"},{"id":7,"message":{"body":{"image":"http://kchat:8080/backend/icons/PNG/icon-7.png"},"meta":7,"qCode":"get symptom","type":"image message"},"url":"http://kchat:8080/backend/icons/PNG/icon-7.png"},{"id":8,"message":{"body":{"image":"http://kchat:8080/backend/icons/PNG/icon-8.png"},"meta":8,"qCode":"get symptom","type":"image message"},"url":"http://kchat:8080/backend/icons/PNG/icon-8.png"},{"id":9,"message":{"body":{"image":"http://kchat:8080/backend/icons/PNG/icon-9.png"},"meta":9,"qCode":"get symptom","type":"image message"},"url":"http://kchat:8080/backend/icons/PNG/icon-9.png"},{"id":10,"message":{"body":{"image":"http://kchat:8080/backend/icons/PNG/icon-10.png"},"meta":10,"qCode":"get symptom","type":"image message"},"url":"http://kchat:8080/backend/icons/PNG/icon-10.png"},{"id":11,"message":{"body":{"image":"http://kchat:8080/backend/icons/PNG/icon-11.png"},"meta":11,"qCode":"get symptom","type":"image message"},"url":"http://kchat:8080/backend/icons/PNG/icon-11.png"},{"id":12,"message":{"body":{"image":"http://kchat:8080/backend/icons/PNG/icon-12.png"},"meta":12,"qCode":"get symptom","type":"image message"},"url":"http://kchat:8080/backend/icons/PNG/icon-12.png"}]}}
1482260735867	 GET/template
				 meta: {"query":{"client":"web","version":"1","template":"response list icons"}}
1482260735867	 GET/template
				 meta: {"query":{"client":"web","version":"1","template":"text message"}}
1482260741774	 GET/template
				 meta: {"query":{"client":"web","version":"1","template":"image message"}}
1482260741781	 SOCKET/message
				 meta: {"message":{"body":{"image":"http://kchat:8080/backend/icons/PNG/icon-5.png","displayName":"","self":true},"meta":5,"qCode":"get symptom","type":"image message","userId":"1GBqLObzxvRt8uSJ"}}


1482260890180	 restart server
1482260890314	 connecting data service
1482260890437	 data service connected
1482260890437	 using hardcoded user, devUser()
1482260890438	 

1482260890438	 connecting main routes
1482260891861	 

1482260891861	 creating chatbox routes
1482260891861	 	/chatbox
1482260891861	 	/style
1482260891861	 	/bot
1482260891861	 	/deleteBot
1482260891861	 	/convert
1482260891866	 ./endpoints.createchatbox 
1482260891871	 ./endpoints.loadmessagetemplate 
1482260892436	 ./endpoints.conversate/operator 
1482260892446	 ./endpoints.receivecontactform 
1482260892451	 ./endpoints.log 
1482260892451	 

1482260892451	 connecting static apps
1482260892451	 ./backend 
1482260892451	 ./demo 
1482260892451	 ./builder 
1482260892451	 

1482260892451	 Error Handling 
1482260892451	 

1482260892451	 SERVER READY 

1482260897545	 GET/chatbox
				 meta: {"query":{"key":"583c49634bb2eab840bae876"}}
1482260899442	 SOCKET/register
				 meta: {"key":"583c49634bb2eab840bae876","sessionID":"7TvOVcBBeY6gAwIj","url":"http://localhost:8080/demo/provider.html","icon":null}
1482260900144	 Creating Bot
				 meta: {"sessionID":"HzHfmgXYS9LB2PZm"}
1482260901081	 SOCKET/join room
				 meta: {"room":"2baf4574c029c2ae41ba94a225bf26af","source":"bot"}
1482260901416	 	 level: debug, replying to
				 meta: {"qCode":"welcome"}
1482260901696	 	 level: debug, replying to
				 meta: {"_id":"5806781b29b9ce2a7d7a7541","owner":"57699528f4924a7f641e4950","name":"demoBot","version":"0.0.1","qcode":"welcome","appId":"kurbi","cobjectId":"botdialog","actions":{"comments":[],"ratings":{"users":[],"avg":0,"total":0},"votes":{"users_downvote":[],"users_upvote":[],"users":[],"total":0}},"dt_update":"2016-10-18T19:29:31.035Z","dt_create":"2016-10-18T19:29:31.035Z","__v":0,"id":"5806781b29b9ce2a7d7a7541","message":{"type":"welcome message","body":{"displayName":"Madison Area Wellness Collective","text":"Thanks for visiting our website. We know how confusing it can be to find the answers and care you need. We’d love for you to choose on our members, but more than that we’d like to help you find someone that is the best fit for your needs and interests.\n\nWould you mind answering a couple of questions to help us point you in the right direction?\nIMPORTANT: This chat is anonymous until the end, but if at that point you choose to share private information with us, please know that you are legally sharing this with a HIPAA-compliant vendor. Click on 'Privacy Policy' in the footer of this page for more information.","image":"http://kchat:8080/backend/icons/PNG/mawc.png"}},"responses":{"type":"response welcome","body":{"yes":{"text":"Ok, let's go","id":"begin","message":{"type":"text message","qCode":null,"meta":"yes","body":{"text":"Okay, let's go"}}},"no":{"text":"I'd rather not","id":"cancel","message":{"type":"text message","qCode":null,"meta":"no","body":{"text":"I'd rather not"}}}}}}
1482260901701	 SOCKET/message
				 meta: {"_id":"5806781b29b9ce2a7d7a7541","owner":"57699528f4924a7f641e4950","name":"demoBot","version":"0.0.1","qcode":"welcome","appId":"kurbi","cobjectId":"botdialog","actions":{"comments":[],"ratings":{"users":[],"avg":0,"total":0},"votes":{"users_downvote":[],"users_upvote":[],"users":[],"total":0}},"dt_update":"2016-10-18T19:29:31.035Z","dt_create":"2016-10-18T19:29:31.035Z","__v":0,"id":"5806781b29b9ce2a7d7a7541","message":{"type":"welcome message","body":{"displayName":"Madison Area Wellness Collective","text":"Thanks for visiting our website. We know how confusing it can be to find the answers and care you need. We’d love for you to choose on our members, but more than that we’d like to help you find someone that is the best fit for your needs and interests.\n\nWould you mind answering a couple of questions to help us point you in the right direction?\nIMPORTANT: This chat is anonymous until the end, but if at that point you choose to share private information with us, please know that you are legally sharing this with a HIPAA-compliant vendor. Click on 'Privacy Policy' in the footer of this page for more information.","image":"http://kchat:8080/backend/icons/PNG/mawc.png"}},"responses":{"type":"response welcome","body":{"yes":{"text":"Ok, let's go","id":"begin","message":{"type":"text message","qCode":null,"meta":"yes","body":{"text":"Okay, let's go"}}},"no":{"text":"I'd rather not","id":"cancel","message":{"type":"text message","qCode":null,"meta":"no","body":{"text":"I'd rather not"}}}}}}
1482260902391	 GET/template
				 meta: {"query":{"client":"web","version":"1","template":"response welcome"}}
1482260902391	 GET/template
				 meta: {"query":{"client":"web","version":"1","template":"welcome message"}}
1482260917664	 SOCKET/start
				 meta: {"key":"583c49634bb2eab840bae876","sessionID":"7TvOVcBBeY6gAwIj","url":"http://localhost:8080/demo/provider.html","icon":null}
1482260917665	 	 level: debug, replying to
				 meta: {"qCode":"avatar"}
1482260917955	 	 level: debug, replying to
				 meta: {"_id":"5806781b4e19e52f7d5cdaf1","owner":"57699528f4924a7f641e4950","name":"demoBot","version":"0.0.1","qcode":"avatar","appId":"kurbi","cobjectId":"botdialog","actions":{"comments":[],"ratings":{"users":[],"avg":0,"total":0},"votes":{"users_downvote":[],"users_upvote":[],"users":[],"total":0}},"dt_update":"2016-10-18T19:29:30.999Z","dt_create":"2016-10-18T19:29:30.999Z","__v":0,"id":"5806781b4e19e52f7d5cdaf1","message":{"type":"text message","body":{"displayName":"Madison Area Wellness Collective","text":"Our chat is completely anonymous, so let's start by choosing an avatar you'd like to represent you."}},"responses":{"type":"response list icons","body":[{"id":1,"message":{"body":{"image":"http://kchat:8080/backend/icons/PNG/icon-1.png"},"meta":1,"qCode":"get symptom","type":"image message"},"url":"http://kchat:8080/backend/icons/PNG/icon-1.png"},{"id":2,"message":{"body":{"image":"http://kchat:8080/backend/icons/PNG/icon-2.png"},"meta":2,"qCode":"get symptom","type":"image message"},"url":"http://kchat:8080/backend/icons/PNG/icon-2.png"},{"id":3,"message":{"body":{"image":"http://kchat:8080/backend/icons/PNG/icon-3.png"},"meta":3,"qCode":"get symptom","type":"image message"},"url":"http://kchat:8080/backend/icons/PNG/icon-3.png"},{"id":4,"message":{"body":{"image":"http://kchat:8080/backend/icons/PNG/icon-4.png"},"meta":4,"qCode":"get symptom","type":"image message"},"url":"http://kchat:8080/backend/icons/PNG/icon-4.png"},{"id":5,"message":{"body":{"image":"http://kchat:8080/backend/icons/PNG/icon-5.png"},"meta":5,"qCode":"get symptom","type":"image message"},"url":"http://kchat:8080/backend/icons/PNG/icon-5.png"},{"id":6,"message":{"body":{"image":"http://kchat:8080/backend/icons/PNG/icon-6.png"},"meta":6,"qCode":"get symptom","type":"image message"},"url":"http://kchat:8080/backend/icons/PNG/icon-6.png"},{"id":7,"message":{"body":{"image":"http://kchat:8080/backend/icons/PNG/icon-7.png"},"meta":7,"qCode":"get symptom","type":"image message"},"url":"http://kchat:8080/backend/icons/PNG/icon-7.png"},{"id":8,"message":{"body":{"image":"http://kchat:8080/backend/icons/PNG/icon-8.png"},"meta":8,"qCode":"get symptom","type":"image message"},"url":"http://kchat:8080/backend/icons/PNG/icon-8.png"},{"id":9,"message":{"body":{"image":"http://kchat:8080/backend/icons/PNG/icon-9.png"},"meta":9,"qCode":"get symptom","type":"image message"},"url":"http://kchat:8080/backend/icons/PNG/icon-9.png"},{"id":10,"message":{"body":{"image":"http://kchat:8080/backend/icons/PNG/icon-10.png"},"meta":10,"qCode":"get symptom","type":"image message"},"url":"http://kchat:8080/backend/icons/PNG/icon-10.png"},{"id":11,"message":{"body":{"image":"http://kchat:8080/backend/icons/PNG/icon-11.png"},"meta":11,"qCode":"get symptom","type":"image message"},"url":"http://kchat:8080/backend/icons/PNG/icon-11.png"},{"id":12,"message":{"body":{"image":"http://kchat:8080/backend/icons/PNG/icon-12.png"},"meta":12,"qCode":"get symptom","type":"image message"},"url":"http://kchat:8080/backend/icons/PNG/icon-12.png"}]}}
1482260917955	 SOCKET/message
				 meta: {"_id":"5806781b4e19e52f7d5cdaf1","owner":"57699528f4924a7f641e4950","name":"demoBot","version":"0.0.1","qcode":"avatar","appId":"kurbi","cobjectId":"botdialog","actions":{"comments":[],"ratings":{"users":[],"avg":0,"total":0},"votes":{"users_downvote":[],"users_upvote":[],"users":[],"total":0}},"dt_update":"2016-10-18T19:29:30.999Z","dt_create":"2016-10-18T19:29:30.999Z","__v":0,"id":"5806781b4e19e52f7d5cdaf1","message":{"type":"text message","body":{"displayName":"Madison Area Wellness Collective","text":"Our chat is completely anonymous, so let's start by choosing an avatar you'd like to represent you."}},"responses":{"type":"response list icons","body":[{"id":1,"message":{"body":{"image":"http://kchat:8080/backend/icons/PNG/icon-1.png"},"meta":1,"qCode":"get symptom","type":"image message"},"url":"http://kchat:8080/backend/icons/PNG/icon-1.png"},{"id":2,"message":{"body":{"image":"http://kchat:8080/backend/icons/PNG/icon-2.png"},"meta":2,"qCode":"get symptom","type":"image message"},"url":"http://kchat:8080/backend/icons/PNG/icon-2.png"},{"id":3,"message":{"body":{"image":"http://kchat:8080/backend/icons/PNG/icon-3.png"},"meta":3,"qCode":"get symptom","type":"image message"},"url":"http://kchat:8080/backend/icons/PNG/icon-3.png"},{"id":4,"message":{"body":{"image":"http://kchat:8080/backend/icons/PNG/icon-4.png"},"meta":4,"qCode":"get symptom","type":"image message"},"url":"http://kchat:8080/backend/icons/PNG/icon-4.png"},{"id":5,"message":{"body":{"image":"http://kchat:8080/backend/icons/PNG/icon-5.png"},"meta":5,"qCode":"get symptom","type":"image message"},"url":"http://kchat:8080/backend/icons/PNG/icon-5.png"},{"id":6,"message":{"body":{"image":"http://kchat:8080/backend/icons/PNG/icon-6.png"},"meta":6,"qCode":"get symptom","type":"image message"},"url":"http://kchat:8080/backend/icons/PNG/icon-6.png"},{"id":7,"message":{"body":{"image":"http://kchat:8080/backend/icons/PNG/icon-7.png"},"meta":7,"qCode":"get symptom","type":"image message"},"url":"http://kchat:8080/backend/icons/PNG/icon-7.png"},{"id":8,"message":{"body":{"image":"http://kchat:8080/backend/icons/PNG/icon-8.png"},"meta":8,"qCode":"get symptom","type":"image message"},"url":"http://kchat:8080/backend/icons/PNG/icon-8.png"},{"id":9,"message":{"body":{"image":"http://kchat:8080/backend/icons/PNG/icon-9.png"},"meta":9,"qCode":"get symptom","type":"image message"},"url":"http://kchat:8080/backend/icons/PNG/icon-9.png"},{"id":10,"message":{"body":{"image":"http://kchat:8080/backend/icons/PNG/icon-10.png"},"meta":10,"qCode":"get symptom","type":"image message"},"url":"http://kchat:8080/backend/icons/PNG/icon-10.png"},{"id":11,"message":{"body":{"image":"http://kchat:8080/backend/icons/PNG/icon-11.png"},"meta":11,"qCode":"get symptom","type":"image message"},"url":"http://kchat:8080/backend/icons/PNG/icon-11.png"},{"id":12,"message":{"body":{"image":"http://kchat:8080/backend/icons/PNG/icon-12.png"},"meta":12,"qCode":"get symptom","type":"image message"},"url":"http://kchat:8080/backend/icons/PNG/icon-12.png"}]}}
1482260918703	 GET/template
				 meta: {"query":{"client":"web","version":"1","template":"text message"}}
1482260918705	 GET/template
				 meta: {"query":{"client":"web","version":"1","template":"response list icons"}}
1482260942984	 GET/template
				 meta: {"query":{"client":"web","version":"1","template":"image message"}}
1482260942991	 SOCKET/message
				 meta: {"message":{"body":{"image":"http://kchat:8080/backend/icons/PNG/icon-2.png","displayName":"","self":true},"meta":2,"qCode":"get symptom","type":"image message","userId":"7TvOVcBBeY6gAwIj"}}
1482260942994	 	 level: debug, replying to
				 meta: {"body":{"image":"http://kchat:8080/backend/icons/PNG/icon-2.png","displayName":"","self":true},"meta":2,"qCode":"get symptom","type":"image message","userId":"7TvOVcBBeY6gAwIj"}


1482260987942	 restart server
1482260988032	 connecting data service
1482260988112	 data service connected
1482260988112	 using hardcoded user, devUser()
1482260988112	 

1482260988112	 connecting main routes
1482260989708	 

1482260989708	 creating chatbox routes
1482260989708	 	/chatbox
1482260989708	 	/style
1482260989708	 	/bot
1482260989708	 	/deleteBot
1482260989708	 	/convert
1482260989708	 ./endpoints.createchatbox 
1482260989718	 ./endpoints.loadmessagetemplate 
1482260990183	 ./endpoints.conversate/operator 
1482260990188	 ./endpoints.receivecontactform 
1482260990198	 ./endpoints.log 
1482260990198	 

1482260990198	 connecting static apps
1482260990198	 ./backend 
1482260990198	 ./demo 
1482260990198	 ./builder 
1482260990198	 

1482260990198	 Error Handling 
1482260990198	 

1482260990198	 SERVER READY 



1482261016850	 restart server
1482261016942	 connecting data service
1482261017015	 data service connected
1482261017015	 using hardcoded user, devUser()
1482261017015	 

1482261017015	 connecting main routes
1482261018515	 

1482261018515	 creating chatbox routes
1482261018520	 	/chatbox
1482261018520	 	/style
1482261018520	 	/bot
1482261018520	 	/deleteBot
1482261018520	 	/convert
1482261018520	 ./endpoints.createchatbox 
1482261018530	 ./endpoints.loadmessagetemplate 
1482261019169	 ./endpoints.conversate/operator 
1482261019174	 ./endpoints.receivecontactform 
1482261019177	 ./endpoints.log 
1482261019177	 

1482261019177	 connecting static apps
1482261019178	 ./backend 
1482261019178	 ./demo 
1482261019178	 ./builder 
1482261019178	 

1482261019178	 Error Handling 
1482261019178	 

1482261019178	 SERVER READY 

1482261036464	 GET/chatbox
				 meta: {"query":{"key":"583c49634bb2eab840bae876"}}
1482261039573	 GET/chatbox
				 meta: {"query":{"key":"583c49634bb2eab840bae876"}}
1482261041025	 SOCKET/register
				 meta: {"key":"583c49634bb2eab840bae876","sessionID":"FVu05CA5ac0yXj2P","url":"http://localhost:8080/demo/provider.html","icon":null}
1482261041727	 Creating Bot
				 meta: {"sessionID":"tVTJcq0BARlH6p0c"}
1482261042603	 SOCKET/join room
				 meta: {"room":"c47ff2551aa0f5db8f676c1ab9281702","source":"bot"}
1482261042878	 	 level: debug, getting bot dialog
				 meta: {"owner":"57699528f4924a7f641e4950","name":"demoBot","qcode":"welcome"}
1482261043165	 SOCKET/message
				 meta: {"_id":"5806781b29b9ce2a7d7a7541","owner":"57699528f4924a7f641e4950","name":"demoBot","version":"0.0.1","qcode":"welcome","appId":"kurbi","cobjectId":"botdialog","actions":{"comments":[],"ratings":{"users":[],"avg":0,"total":0},"votes":{"users_downvote":[],"users_upvote":[],"users":[],"total":0}},"dt_update":"2016-10-18T19:29:31.035Z","dt_create":"2016-10-18T19:29:31.035Z","__v":0,"id":"5806781b29b9ce2a7d7a7541","message":{"type":"welcome message","body":{"displayName":"Madison Area Wellness Collective","text":"Thanks for visiting our website. We know how confusing it can be to find the answers and care you need. We’d love for you to choose on our members, but more than that we’d like to help you find someone that is the best fit for your needs and interests.\n\nWould you mind answering a couple of questions to help us point you in the right direction?\nIMPORTANT: This chat is anonymous until the end, but if at that point you choose to share private information with us, please know that you are legally sharing this with a HIPAA-compliant vendor. Click on 'Privacy Policy' in the footer of this page for more information.","image":"http://kchat:8080/backend/icons/PNG/mawc.png"}},"responses":{"type":"response welcome","body":{"yes":{"text":"Ok, let's go","id":"begin","message":{"type":"text message","qCode":null,"meta":"yes","body":{"text":"Okay, let's go"}}},"no":{"text":"I'd rather not","id":"cancel","message":{"type":"text message","qCode":null,"meta":"no","body":{"text":"I'd rather not"}}}}}}
1482261043849	 GET/template
				 meta: {"query":{"client":"web","version":"1","template":"welcome message"}}
1482261044087	 GET/template
				 meta: {"query":{"client":"web","version":"1","template":"response welcome"}}
1482261044916	 SOCKET/start
				 meta: {"key":"583c49634bb2eab840bae876","sessionID":"FVu05CA5ac0yXj2P","url":"http://localhost:8080/demo/provider.html","icon":null}
1482261044919	 	 level: debug, getting bot dialog
				 meta: {"owner":"57699528f4924a7f641e4950","name":"demoBot","qcode":"avatar"}
1482261045110	 	 level: debug, getting bot dialog
				 meta: {"owner":"57699528f4924a7f641e4950","name":"demoBot","qcode":"undefined"}
1482261045202	 SOCKET/message
				 meta: {"_id":"5806781b4e19e52f7d5cdaf1","owner":"57699528f4924a7f641e4950","name":"demoBot","version":"0.0.1","qcode":"avatar","appId":"kurbi","cobjectId":"botdialog","actions":{"comments":[],"ratings":{"users":[],"avg":0,"total":0},"votes":{"users_downvote":[],"users_upvote":[],"users":[],"total":0}},"dt_update":"2016-10-18T19:29:30.999Z","dt_create":"2016-10-18T19:29:30.999Z","__v":0,"id":"5806781b4e19e52f7d5cdaf1","message":{"type":"text message","body":{"displayName":"Madison Area Wellness Collective","text":"Our chat is completely anonymous, so let's start by choosing an avatar you'd like to represent you."}},"responses":{"type":"response list icons","body":[{"id":1,"message":{"body":{"image":"http://kchat:8080/backend/icons/PNG/icon-1.png"},"meta":1,"qCode":"get symptom","type":"image message"},"url":"http://kchat:8080/backend/icons/PNG/icon-1.png"},{"id":2,"message":{"body":{"image":"http://kchat:8080/backend/icons/PNG/icon-2.png"},"meta":2,"qCode":"get symptom","type":"image message"},"url":"http://kchat:8080/backend/icons/PNG/icon-2.png"},{"id":3,"message":{"body":{"image":"http://kchat:8080/backend/icons/PNG/icon-3.png"},"meta":3,"qCode":"get symptom","type":"image message"},"url":"http://kchat:8080/backend/icons/PNG/icon-3.png"},{"id":4,"message":{"body":{"image":"http://kchat:8080/backend/icons/PNG/icon-4.png"},"meta":4,"qCode":"get symptom","type":"image message"},"url":"http://kchat:8080/backend/icons/PNG/icon-4.png"},{"id":5,"message":{"body":{"image":"http://kchat:8080/backend/icons/PNG/icon-5.png"},"meta":5,"qCode":"get symptom","type":"image message"},"url":"http://kchat:8080/backend/icons/PNG/icon-5.png"},{"id":6,"message":{"body":{"image":"http://kchat:8080/backend/icons/PNG/icon-6.png"},"meta":6,"qCode":"get symptom","type":"image message"},"url":"http://kchat:8080/backend/icons/PNG/icon-6.png"},{"id":7,"message":{"body":{"image":"http://kchat:8080/backend/icons/PNG/icon-7.png"},"meta":7,"qCode":"get symptom","type":"image message"},"url":"http://kchat:8080/backend/icons/PNG/icon-7.png"},{"id":8,"message":{"body":{"image":"http://kchat:8080/backend/icons/PNG/icon-8.png"},"meta":8,"qCode":"get symptom","type":"image message"},"url":"http://kchat:8080/backend/icons/PNG/icon-8.png"},{"id":9,"message":{"body":{"image":"http://kchat:8080/backend/icons/PNG/icon-9.png"},"meta":9,"qCode":"get symptom","type":"image message"},"url":"http://kchat:8080/backend/icons/PNG/icon-9.png"},{"id":10,"message":{"body":{"image":"http://kchat:8080/backend/icons/PNG/icon-10.png"},"meta":10,"qCode":"get symptom","type":"image message"},"url":"http://kchat:8080/backend/icons/PNG/icon-10.png"},{"id":11,"message":{"body":{"image":"http://kchat:8080/backend/icons/PNG/icon-11.png"},"meta":11,"qCode":"get symptom","type":"image message"},"url":"http://kchat:8080/backend/icons/PNG/icon-11.png"},{"id":12,"message":{"body":{"image":"http://kchat:8080/backend/icons/PNG/icon-12.png"},"meta":12,"qCode":"get symptom","type":"image message"},"url":"http://kchat:8080/backend/icons/PNG/icon-12.png"}]}}
1482261045736	 GET/template
				 meta: {"query":{"client":"web","version":"1","template":"text message"}}
1482261045864	 GET/template
				 meta: {"query":{"client":"web","version":"1","template":"response list icons"}}
1482261047876	 GET/template
				 meta: {"query":{"client":"web","version":"1","template":"image message"}}
1482261047883	 SOCKET/message
				 meta: {"message":{"body":{"image":"http://kchat:8080/backend/icons/PNG/icon-9.png","displayName":"","self":true},"meta":9,"qCode":"get symptom","type":"image message","userId":"FVu05CA5ac0yXj2P"}}
1482261048551	 	 level: debug, getting bot dialog
				 meta: {"owner":"57699528f4924a7f641e4950","name":"demoBot","qcode":"undefined"}
1482261050804	 	 level: debug, getting bot dialog
				 meta: {"owner":"57699528f4924a7f641e4950","name":"demoBot","qcode":"get%20symptom"}


1482261105082	 restart server
1482261105167	 connecting data service
1482261105242	 data service connected
1482261105242	 using hardcoded user, devUser()
1482261105242	 

1482261105242	 connecting main routes
1482261106682	 

1482261106682	 creating chatbox routes
1482261106682	 	/chatbox
1482261106682	 	/style
1482261106682	 	/bot
1482261106682	 	/deleteBot
1482261106682	 	/convert
1482261106682	 ./endpoints.createchatbox 
1482261106692	 ./endpoints.loadmessagetemplate 
1482261107207	 ./endpoints.conversate/operator 
1482261107213	 ./endpoints.receivecontactform 
1482261107216	 ./endpoints.log 
1482261107216	 

1482261107216	 connecting static apps
1482261107216	 ./backend 
1482261107217	 ./demo 
1482261107217	 ./builder 
1482261107217	 

1482261107217	 Error Handling 
1482261107217	 

1482261107217	 SERVER READY 

1482261128093	 GET/chatbox
				 meta: {"query":{"key":"583c49634bb2eab840bae876"}}
1482261134443	 GET/chatbox
				 meta: {"query":{"key":"583c49634bb2eab840bae876"}}
1482261135536	 SOCKET/register
				 meta: {"key":"583c49634bb2eab840bae876","sessionID":"zqE0Yb0PIOB8nzXe","url":"http://localhost:8080/demo/provider.html","icon":null}
1482261136349	 Creating Bot
				 meta: {"sessionID":"wQsDtdZBbzV4FyMd"}
1482261137184	 SOCKET/join room
				 meta: {"room":"3c49ce908602c311affe55f1fc41c558","source":"bot"}
1482261137469	 	 level: debug, getting bot dialog
				 meta: {"owner":"57699528f4924a7f641e4950","name":"demoBot","qcode":"welcome"}
1482261137745	 SOCKET/message
				 meta: {"_id":"5806781b29b9ce2a7d7a7541","owner":"57699528f4924a7f641e4950","name":"demoBot","version":"0.0.1","qcode":"welcome","appId":"kurbi","cobjectId":"botdialog","actions":{"comments":[],"ratings":{"users":[],"avg":0,"total":0},"votes":{"users_downvote":[],"users_upvote":[],"users":[],"total":0}},"dt_update":"2016-10-18T19:29:31.035Z","dt_create":"2016-10-18T19:29:31.035Z","__v":0,"id":"5806781b29b9ce2a7d7a7541","message":{"type":"welcome message","body":{"displayName":"Madison Area Wellness Collective","text":"Thanks for visiting our website. We know how confusing it can be to find the answers and care you need. We’d love for you to choose on our members, but more than that we’d like to help you find someone that is the best fit for your needs and interests.\n\nWould you mind answering a couple of questions to help us point you in the right direction?\nIMPORTANT: This chat is anonymous until the end, but if at that point you choose to share private information with us, please know that you are legally sharing this with a HIPAA-compliant vendor. Click on 'Privacy Policy' in the footer of this page for more information.","image":"http://kchat:8080/backend/icons/PNG/mawc.png"}},"responses":{"type":"response welcome","body":{"yes":{"text":"Ok, let's go","id":"begin","message":{"type":"text message","qCode":null,"meta":"yes","body":{"text":"Okay, let's go"}}},"no":{"text":"I'd rather not","id":"cancel","message":{"type":"text message","qCode":null,"meta":"no","body":{"text":"I'd rather not"}}}}}}
1482261138429	 GET/template
				 meta: {"query":{"client":"web","version":"1","template":"welcome message"}}
1482261138444	 GET/template
				 meta: {"query":{"client":"web","version":"1","template":"response welcome"}}
1482261139802	 SOCKET/start
				 meta: {"key":"583c49634bb2eab840bae876","sessionID":"zqE0Yb0PIOB8nzXe","url":"http://localhost:8080/demo/provider.html","icon":null}
1482261139807	 	 level: debug, getting bot dialog
				 meta: {"owner":"57699528f4924a7f641e4950","name":"demoBot","qcode":"avatar"}
1482261140076	 SOCKET/message
				 meta: {"_id":"5806781b4e19e52f7d5cdaf1","owner":"57699528f4924a7f641e4950","name":"demoBot","version":"0.0.1","qcode":"avatar","appId":"kurbi","cobjectId":"botdialog","actions":{"comments":[],"ratings":{"users":[],"avg":0,"total":0},"votes":{"users_downvote":[],"users_upvote":[],"users":[],"total":0}},"dt_update":"2016-10-18T19:29:30.999Z","dt_create":"2016-10-18T19:29:30.999Z","__v":0,"id":"5806781b4e19e52f7d5cdaf1","message":{"type":"text message","body":{"displayName":"Madison Area Wellness Collective","text":"Our chat is completely anonymous, so let's start by choosing an avatar you'd like to represent you."}},"responses":{"type":"response list icons","body":[{"id":1,"message":{"body":{"image":"http://kchat:8080/backend/icons/PNG/icon-1.png"},"meta":1,"qCode":"get symptom","type":"image message"},"url":"http://kchat:8080/backend/icons/PNG/icon-1.png"},{"id":2,"message":{"body":{"image":"http://kchat:8080/backend/icons/PNG/icon-2.png"},"meta":2,"qCode":"get symptom","type":"image message"},"url":"http://kchat:8080/backend/icons/PNG/icon-2.png"},{"id":3,"message":{"body":{"image":"http://kchat:8080/backend/icons/PNG/icon-3.png"},"meta":3,"qCode":"get symptom","type":"image message"},"url":"http://kchat:8080/backend/icons/PNG/icon-3.png"},{"id":4,"message":{"body":{"image":"http://kchat:8080/backend/icons/PNG/icon-4.png"},"meta":4,"qCode":"get symptom","type":"image message"},"url":"http://kchat:8080/backend/icons/PNG/icon-4.png"},{"id":5,"message":{"body":{"image":"http://kchat:8080/backend/icons/PNG/icon-5.png"},"meta":5,"qCode":"get symptom","type":"image message"},"url":"http://kchat:8080/backend/icons/PNG/icon-5.png"},{"id":6,"message":{"body":{"image":"http://kchat:8080/backend/icons/PNG/icon-6.png"},"meta":6,"qCode":"get symptom","type":"image message"},"url":"http://kchat:8080/backend/icons/PNG/icon-6.png"},{"id":7,"message":{"body":{"image":"http://kchat:8080/backend/icons/PNG/icon-7.png"},"meta":7,"qCode":"get symptom","type":"image message"},"url":"http://kchat:8080/backend/icons/PNG/icon-7.png"},{"id":8,"message":{"body":{"image":"http://kchat:8080/backend/icons/PNG/icon-8.png"},"meta":8,"qCode":"get symptom","type":"image message"},"url":"http://kchat:8080/backend/icons/PNG/icon-8.png"},{"id":9,"message":{"body":{"image":"http://kchat:8080/backend/icons/PNG/icon-9.png"},"meta":9,"qCode":"get symptom","type":"image message"},"url":"http://kchat:8080/backend/icons/PNG/icon-9.png"},{"id":10,"message":{"body":{"image":"http://kchat:8080/backend/icons/PNG/icon-10.png"},"meta":10,"qCode":"get symptom","type":"image message"},"url":"http://kchat:8080/backend/icons/PNG/icon-10.png"},{"id":11,"message":{"body":{"image":"http://kchat:8080/backend/icons/PNG/icon-11.png"},"meta":11,"qCode":"get symptom","type":"image message"},"url":"http://kchat:8080/backend/icons/PNG/icon-11.png"},{"id":12,"message":{"body":{"image":"http://kchat:8080/backend/icons/PNG/icon-12.png"},"meta":12,"qCode":"get symptom","type":"image message"},"url":"http://kchat:8080/backend/icons/PNG/icon-12.png"}]}}
1482261140795	 GET/template
				 meta: {"query":{"client":"web","version":"1","template":"text message"}}
1482261140814	 GET/template
				 meta: {"query":{"client":"web","version":"1","template":"response list icons"}}
1482261140948	 	 level: debug, getting bot dialog
				 meta: {"owner":"57699528f4924a7f641e4950","name":"demoBot"}
1482261143424	 	 level: debug, getting bot dialog
				 meta: {"owner":"57699528f4924a7f641e4950","name":"demoBot"}
1482261145142	 GET/template
				 meta: {"query":{"client":"web","version":"1","template":"image message"}}
1482261145148	 SOCKET/message
				 meta: {"message":{"body":{"image":"http://kchat:8080/backend/icons/PNG/icon-9.png","displayName":"","self":true},"meta":9,"qCode":"get symptom","type":"image message","userId":"zqE0Yb0PIOB8nzXe"}}
1482261148604	 	 level: debug, getting bot dialog
				 meta: {"owner":"57699528f4924a7f641e4950","name":"demoBot","qcode":"get symptom"}
1482261148879	 SOCKET/message
				 meta: {"_id":"5806781bfbe7bc397d833a8e","owner":"57699528f4924a7f641e4950","name":"demoBot","version":"0.0.1","qcode":"get symptom","appId":"kurbi","cobjectId":"botdialog","actions":{"comments":[],"ratings":{"users":[],"avg":0,"total":0},"votes":{"users_downvote":[],"users_upvote":[],"users":[],"total":0}},"dt_update":"2016-10-18T19:29:31.026Z","dt_create":"2016-10-18T19:29:31.026Z","__v":0,"id":"5806781bfbe7bc397d833a8e","message":{"type":"text message","body":{"displayName":"Madison Area Wellness Collective","text":"So, let's talk about your situation. What seems to be bothering you?"},"qCode":null,"meta":null},"responses":{"type":"small free response","body":{"buttonText":"Add Details","prompt":"Type in your main symptom in the box below:","message":{"type":"text message","qCode":"get duration","variable":"symptom","body":{"text":""}}}}}
1482261149534	 GET/template
				 meta: {"query":{"client":"web","version":"1","template":"small free response"}}
1482261149934	 	 level: debug, getting bot dialog
				 meta: {"owner":"57699528f4924a7f641e4950","name":"demoBot"}
1482261158624	 SOCKET/message
				 meta: {"message":{"type":"text message","qCode":"get duration","variable":"symptom","body":{"text":"bananas","displayName":"","self":true},"userId":"zqE0Yb0PIOB8nzXe"}}
1482261161482	 	 level: debug, getting bot dialog
				 meta: {"owner":"57699528f4924a7f641e4950","name":"demoBot","qcode":"get duration"}
1482261161756	 SOCKET/message
				 meta: {"_id":"5806781bfbe7bc397d833a8d","owner":"57699528f4924a7f641e4950","name":"demoBot","version":"0.0.1","qcode":"get duration","appId":"kurbi","cobjectId":"botdialog","actions":{"comments":[],"ratings":{"users":[],"avg":0,"total":0},"votes":{"users_downvote":[],"users_upvote":[],"users":[],"total":0}},"dt_update":"2016-10-18T19:29:31.020Z","dt_create":"2016-10-18T19:29:31.020Z","__v":0,"id":"5806781bfbe7bc397d833a8d","message":{"type":"text message","body":{"displayName":"Madison Area Wellness Collective","text":"How long has it been bothering you?"},"qCode":null,"meta":null},"responses":{"type":"response list text","variable":"symptomDuration","body":[{"message":{"meta":null,"qCode":"get treatment","body":{"text":"A day or so","displayName":null},"type":"text message"},"text":"A day or so"},{"message":{"meta":null,"qCode":"get treatment","body":{"text":"About a week","displayName":null},"type":"text message"},"text":"About a week"},{"message":{"meta":null,"qCode":"get treatment","body":{"text":"Longer than a week","displayName":null},"type":"text message"},"text":"Longer than a week"}]}}
1482261162437	 GET/template
				 meta: {"query":{"client":"web","version":"1","template":"response list text"}}
1482261162879	 	 level: debug, getting bot dialog
				 meta: {"owner":"57699528f4924a7f641e4950","name":"demoBot"}
1482261166111	 SOCKET/message
				 meta: {"message":{"meta":null,"qCode":"get treatment","body":{"text":"A day or so","displayName":"","self":true},"type":"text message","variable":"symptomDuration","userId":"zqE0Yb0PIOB8nzXe"}}
1482261167871	 	 level: debug, getting bot dialog
				 meta: {"owner":"57699528f4924a7f641e4950","name":"demoBot","qcode":"get treatment"}
1482261168151	 SOCKET/message
				 meta: {"_id":"5806781bfbe7bc397d833a8c","owner":"57699528f4924a7f641e4950","name":"demoBot","version":"0.0.1","qcode":"get treatment","appId":"kurbi","cobjectId":"botdialog","actions":{"comments":[],"ratings":{"users":[],"avg":0,"total":0},"votes":{"users_downvote":[],"users_upvote":[],"users":[],"total":0}},"dt_update":"2016-10-18T19:29:31.013Z","dt_create":"2016-10-18T19:29:31.013Z","__v":0,"id":"5806781bfbe7bc397d833a8c","message":{"type":"text message","body":{"displayName":"Madison Area Wellness Collective","text":"What have you done the most for treatment?"},"qCode":null,"meta":null},"responses":{"type":"response list text","variable":"treatmentType","body":[{"message":{"meta":null,"qCode":"user summary","body":{"text":"Professional Care","displayName":null},"type":"text message"},"text":"Professional Care"},{"message":{"meta":null,"qCode":"user summary","body":{"text":"Self-Care","displayName":null},"type":"text message"},"text":"Self-Care"},{"message":{"meta":null,"qCode":"user summary","body":{"text":"Procrastination","displayName":null},"type":"text message"},"text":"I've done nothing"}]}}
1482261169926	 	 level: debug, getting bot dialog
				 meta: {"owner":"57699528f4924a7f641e4950","name":"demoBot"}
1482261174520	 SOCKET/message
				 meta: {"message":{"meta":null,"qCode":"user summary","body":{"text":"Self-Care","displayName":"","self":true},"type":"text message","variable":"treatmentType","userId":"zqE0Yb0PIOB8nzXe"}}
1482261176710	 	 level: debug, getting bot dialog
				 meta: {"owner":"57699528f4924a7f641e4950","name":"demoBot","qcode":"user summary"}
1482261176984	 SOCKET/message
				 meta: {"_id":"5806781b0e2837347dc44347","owner":"57699528f4924a7f641e4950","name":"demoBot","version":"0.0.1","qcode":"user summary","appId":"kurbi","cobjectId":"botdialog","actions":{"comments":[],"ratings":{"users":[],"avg":0,"total":0},"votes":{"users_downvote":[],"users_upvote":[],"users":[],"total":0}},"dt_update":"2016-10-18T19:29:31.035Z","dt_create":"2016-10-18T19:29:31.035Z","__v":0,"id":"5806781b0e2837347dc44347","message":{"type":"text message","body":{"displayName":"Madison Area Wellness Collective","text":"So here is what we have so far. Your problem is bananas, it has been going on for A day or so, and you have treated it with Self-Care. Is that right?"}},"responses":{"type":"response list text","body":[{"message":{"meta":null,"qCode":"you got it","body":{"text":"Yes, that's right","displayName":null},"type":"text message"},"text":"Yes, that's right"},{"message":{"meta":null,"qCode":"you dont got it","body":{"text":"No, not quite","displayName":null},"type":"text message"},"text":"No, not quite"}]}}
1482261178162	 SOCKET/message
				 meta: {"message":{"meta":null,"qCode":"you got it","body":{"text":"Yes, that's right","displayName":"","self":true},"type":"text message","userId":"zqE0Yb0PIOB8nzXe"}}
1482261179331	 	 level: debug, getting bot dialog
				 meta: {"owner":"57699528f4924a7f641e4950","name":"demoBot"}
1482261180759	 	 level: debug, getting bot dialog
				 meta: {"owner":"57699528f4924a7f641e4950","name":"demoBot","qcode":"you got it"}
1482261181035	 SOCKET/message
				 meta: {"_id":"5806781b29b9ce2a7d7a7543","owner":"57699528f4924a7f641e4950","name":"demoBot","version":"0.0.1","qcode":"you got it","appId":"kurbi","cobjectId":"botdialog","actions":{"comments":[],"ratings":{"users":[],"avg":0,"total":0},"votes":{"users_downvote":[],"users_upvote":[],"users":[],"total":0}},"dt_update":"2016-10-18T19:29:31.042Z","dt_create":"2016-10-18T19:29:31.042Z","__v":0,"id":"5806781b29b9ce2a7d7a7543","message":{"type":"text message","body":{"displayName":"Madison Area Wellness Collective","text":"OK, great! Is there anything you'd like to add to help us understand what's going on?"},"qCode":null,"meta":null},"responses":{"type":"large free response","body":{"buttonText":"Add Details","prompt":"Type in the box below:","message":{"type":"text message","qCode":"ask for email","body":{"text":""}}}}}
1482261181692	 GET/template
				 meta: {"query":{"client":"web","version":"1","template":"large free response"}}
1482261182273	 	 level: debug, getting bot dialog
				 meta: {"owner":"57699528f4924a7f641e4950","name":"demoBot"}
1482261186216	 SOCKET/message
				 meta: {"message":{"type":"text message","qCode":"ask for email","body":{"text":"finadfasdf ","displayName":"","self":true},"userId":"zqE0Yb0PIOB8nzXe"}}
1482261187601	 	 level: debug, getting bot dialog
				 meta: {"owner":"57699528f4924a7f641e4950","name":"demoBot","qcode":"ask for email"}
1482261187884	 SOCKET/message
				 meta: {"_id":"5806781b0e2837347dc44346","owner":"57699528f4924a7f641e4950","name":"demoBot","version":"0.0.1","qcode":"ask for email","appId":"kurbi","cobjectId":"botdialog","actions":{"comments":[],"ratings":{"users":[],"avg":0,"total":0},"votes":{"users_downvote":[],"users_upvote":[],"users":[],"total":0}},"dt_update":"2016-10-18T19:29:31.031Z","dt_create":"2016-10-18T19:29:31.031Z","__v":0,"id":"5806781b0e2837347dc44346","message":{"type":"text message","body":{"displayName":"Madison Area Wellness Collective","text":"Thanks for sharing that! As you can see, we're actually not talking with you live. It's a bummer because we're sure you're a really nice person. We'd love to meet you soon. But first, is it okay to email with feedback on our conversation?"},"qCode":null,"meta":null},"responses":{"type":"response list text","body":[{"message":{"meta":null,"qCode":"email me","body":{"text":"Yes, that's right","displayName":null},"type":"text message"},"text":"Yes, that's awesome"},{"message":{"meta":null,"qCode":"dont fucking email me","body":{"text":"No, not quite","displayName":null},"type":"text message"},"text":"No thanks"}]}}
1482261189113	 	 level: debug, getting bot dialog
				 meta: {"owner":"57699528f4924a7f641e4950","name":"demoBot"}
1482261189741	 SOCKET/message
				 meta: {"message":{"meta":null,"qCode":"email me","body":{"text":"Yes, that's right","displayName":"","self":true},"type":"text message","userId":"zqE0Yb0PIOB8nzXe"}}
1482261192182	 	 level: debug, getting bot dialog
				 meta: {"owner":"57699528f4924a7f641e4950","name":"demoBot","qcode":"email me"}
1482261192456	 SOCKET/message
				 meta: {"_id":"5806781b4e19e52f7d5cdaf2","owner":"57699528f4924a7f641e4950","name":"demoBot","version":"0.0.1","qcode":"email me","appId":"kurbi","cobjectId":"botdialog","actions":{"comments":[],"ratings":{"users":[],"avg":0,"total":0},"votes":{"users_downvote":[],"users_upvote":[],"users":[],"total":0}},"dt_update":"2016-10-18T19:29:31.005Z","dt_create":"2016-10-18T19:29:31.005Z","__v":0,"id":"5806781b4e19e52f7d5cdaf2","message":{"type":"text message","body":{"displayName":"Madison Area Wellness Collective","text":"OK, great! This is exciting. We use an app called Kurbi for these conversations. It'll make sure you stay anonymous so that your information and identity aren't used inappropriately. If you're happy with my feedback you can rate me and share your contact information so that we can set up a time to talk in person."},"qCode":null,"meta":null},"responses":{"type":"small free response","body":{"buttonText":"Add Details","prompt":"Type in your email in the box below:","message":{"type":"text message","qCode":"scored the email","body":{"text":""}}}}}
1482261194281	 SOCKET/message
				 meta: {"message":{"type":"text message","qCode":"scored the email","body":{"text":"hhhhhh","displayName":"","self":true},"userId":"zqE0Yb0PIOB8nzXe"}}
1482261195351	 	 level: debug, getting bot dialog
				 meta: {"owner":"57699528f4924a7f641e4950","name":"demoBot"}
1482261197133	 	 level: debug, getting bot dialog
				 meta: {"owner":"57699528f4924a7f641e4950","name":"demoBot","qcode":"scored the email"}
1482261197416	 SOCKET/message
				 meta: {"_id":"5806781b29b9ce2a7d7a7542","owner":"57699528f4924a7f641e4950","name":"demoBot","version":"0.0.1","qcode":"scored the email","appId":"kurbi","cobjectId":"botdialog","actions":{"comments":[],"ratings":{"users":[],"avg":0,"total":0},"votes":{"users_downvote":[],"users_upvote":[],"users":[],"total":0}},"dt_update":"2016-10-18T19:29:31.037Z","dt_create":"2016-10-18T19:29:31.037Z","__v":0,"id":"5806781b29b9ce2a7d7a7542","message":{"type":"text message","body":{"displayName":"Madison Area Wellness Collective","text":"What would you like to be called?"},"qCode":null,"meta":null},"responses":{"type":"small free response","body":{"buttonText":"Add Name","prompt":"Type in your first name in the box below:","message":{"type":"text message","qCode":"end","body":{"text":""}}}}}
1482261200505	 	 level: debug, getting bot dialog
				 meta: {"owner":"57699528f4924a7f641e4950","name":"demoBot"}
1482261205566	 SOCKET/message
				 meta: {"message":{"type":"text message","qCode":"end","body":{"text":"barn man","displayName":"","self":true},"userId":"zqE0Yb0PIOB8nzXe"}}
1482261207992	 	 level: debug, getting bot dialog
				 meta: {"owner":"57699528f4924a7f641e4950","name":"demoBot","qcode":"end"}
1482261208272	 SOCKET/message
				 meta: {"_id":"5806781b29b9ce2a7d7a7540","owner":"57699528f4924a7f641e4950","name":"demoBot","version":"0.0.1","qcode":"end","appId":"kurbi","cobjectId":"botdialog","actions":{"comments":[],"ratings":{"users":[],"avg":0,"total":0},"votes":{"users_downvote":[],"users_upvote":[],"users":[],"total":0}},"dt_update":"2016-10-18T19:29:31.032Z","dt_create":"2016-10-18T19:29:31.032Z","__v":0,"id":"5806781b29b9ce2a7d7a7540","message":{"type":"end message","body":{"displayName":"Madison Area Wellness Collective","text":"Well, this is the end of our chat. Thanks a lot for taking the time to get to know us. We hope that the answers we find for you are helpful. Look for a summary of our conversation in your email inbox momentarily. If we happened to get something wrong or if there is something else you'd like to add follow the instructions to revisit our chat session.\n\n We wish you all the best!","image":"http://kchat:8080/backend/icons/PNG/mawc.png"}},"responses":{"type":"response end","body":{"bye":{"text":"End Chat Session","id":"end"}}}}
1482261208941	 GET/template
				 meta: {"query":{"client":"web","version":"1","template":"end message"}}
1482261208946	 GET/template
				 meta: {"query":{"client":"web","version":"1","template":"response end"}}
1482261209320	 	 level: debug, getting bot dialog
				 meta: {"owner":"57699528f4924a7f641e4950","name":"demoBot"}
1482261210344	 SOCKET/end
				 meta: {"key":"583c49634bb2eab840bae876","sessionID":"zqE0Yb0PIOB8nzXe","url":"http://localhost:8080/demo/provider.html","icon":null}


1482261231555	 restart server
1482261231645	 connecting data service
1482261231730	 data service connected
1482261231730	 using hardcoded user, devUser()
1482261231730	 

1482261231730	 connecting main routes
1482261233134	 

1482261233134	 creating chatbox routes
1482261233134	 	/chatbox
1482261233134	 	/style
1482261233134	 	/bot
1482261233134	 	/deleteBot
1482261233134	 	/convert
1482261233134	 ./endpoints.createchatbox 
1482261233144	 ./endpoints.loadmessagetemplate 
1482261233747	 ./endpoints.conversate/operator 
1482261233752	 ./endpoints.receivecontactform 
1482261233752	 ./endpoints.log 
1482261233752	 

1482261233752	 connecting static apps
1482261233752	 ./backend 
1482261233752	 ./demo 
1482261233752	 ./builder 
1482261233757	 

1482261233757	 Error Handling 
1482261233757	 

1482261233757	 SERVER READY 

1482261247080	 GET/chatbox
				 meta: {"query":{"key":"583c49634bb2eab840bae876"}}
1482261251196	 GET/chatbox
				 meta: {"query":{"key":"583c49634bb2eab840bae876"}}
1482261252565	 SOCKET/register
				 meta: {"key":"583c49634bb2eab840bae876","sessionID":"2h5oh850bYGVkzHd","url":"http://localhost:8080/demo/provider.html","icon":null}
1482261253255	 Creating Bot
				 meta: {"sessionID":"Lp2uXWMnAMolIwef"}
1482261254095	 SOCKET/join room
				 meta: {"room":"9f7fe73e9d54b2ae4fef946a71b15c76","source":"bot"}
1482261254669	 SOCKET/message
				 meta: {"_id":"5806781b29b9ce2a7d7a7541","owner":"57699528f4924a7f641e4950","name":"demoBot","version":"0.0.1","qcode":"welcome","appId":"kurbi","cobjectId":"botdialog","actions":{"comments":[],"ratings":{"users":[],"avg":0,"total":0},"votes":{"users_downvote":[],"users_upvote":[],"users":[],"total":0}},"dt_update":"2016-10-18T19:29:31.035Z","dt_create":"2016-10-18T19:29:31.035Z","__v":0,"id":"5806781b29b9ce2a7d7a7541","message":{"type":"welcome message","body":{"displayName":"Madison Area Wellness Collective","text":"Thanks for visiting our website. We know how confusing it can be to find the answers and care you need. We’d love for you to choose on our members, but more than that we’d like to help you find someone that is the best fit for your needs and interests.\n\nWould you mind answering a couple of questions to help us point you in the right direction?\nIMPORTANT: This chat is anonymous until the end, but if at that point you choose to share private information with us, please know that you are legally sharing this with a HIPAA-compliant vendor. Click on 'Privacy Policy' in the footer of this page for more information.","image":"http://kchat:8080/backend/icons/PNG/mawc.png"}},"responses":{"type":"response welcome","body":{"yes":{"text":"Ok, let's go","id":"begin","message":{"type":"text message","qCode":null,"meta":"yes","body":{"text":"Okay, let's go"}}},"no":{"text":"I'd rather not","id":"cancel","message":{"type":"text message","qCode":null,"meta":"no","body":{"text":"I'd rather not"}}}}}}
1482261255418	 GET/template
				 meta: {"query":{"client":"web","version":"1","template":"response welcome"}}
1482261255418	 GET/template
				 meta: {"query":{"client":"web","version":"1","template":"welcome message"}}
1482261256721	 SOCKET/start
				 meta: {"key":"583c49634bb2eab840bae876","sessionID":"2h5oh850bYGVkzHd","url":"http://localhost:8080/demo/provider.html","icon":null}
1482261256999	 SOCKET/message
				 meta: {"_id":"5806781b4e19e52f7d5cdaf1","owner":"57699528f4924a7f641e4950","name":"demoBot","version":"0.0.1","qcode":"avatar","appId":"kurbi","cobjectId":"botdialog","actions":{"comments":[],"ratings":{"users":[],"avg":0,"total":0},"votes":{"users_downvote":[],"users_upvote":[],"users":[],"total":0}},"dt_update":"2016-10-18T19:29:30.999Z","dt_create":"2016-10-18T19:29:30.999Z","__v":0,"id":"5806781b4e19e52f7d5cdaf1","message":{"type":"text message","body":{"displayName":"Madison Area Wellness Collective","text":"Our chat is completely anonymous, so let's start by choosing an avatar you'd like to represent you."}},"responses":{"type":"response list icons","body":[{"id":1,"message":{"body":{"image":"http://kchat:8080/backend/icons/PNG/icon-1.png"},"meta":1,"qCode":"get symptom","type":"image message"},"url":"http://kchat:8080/backend/icons/PNG/icon-1.png"},{"id":2,"message":{"body":{"image":"http://kchat:8080/backend/icons/PNG/icon-2.png"},"meta":2,"qCode":"get symptom","type":"image message"},"url":"http://kchat:8080/backend/icons/PNG/icon-2.png"},{"id":3,"message":{"body":{"image":"http://kchat:8080/backend/icons/PNG/icon-3.png"},"meta":3,"qCode":"get symptom","type":"image message"},"url":"http://kchat:8080/backend/icons/PNG/icon-3.png"},{"id":4,"message":{"body":{"image":"http://kchat:8080/backend/icons/PNG/icon-4.png"},"meta":4,"qCode":"get symptom","type":"image message"},"url":"http://kchat:8080/backend/icons/PNG/icon-4.png"},{"id":5,"message":{"body":{"image":"http://kchat:8080/backend/icons/PNG/icon-5.png"},"meta":5,"qCode":"get symptom","type":"image message"},"url":"http://kchat:8080/backend/icons/PNG/icon-5.png"},{"id":6,"message":{"body":{"image":"http://kchat:8080/backend/icons/PNG/icon-6.png"},"meta":6,"qCode":"get symptom","type":"image message"},"url":"http://kchat:8080/backend/icons/PNG/icon-6.png"},{"id":7,"message":{"body":{"image":"http://kchat:8080/backend/icons/PNG/icon-7.png"},"meta":7,"qCode":"get symptom","type":"image message"},"url":"http://kchat:8080/backend/icons/PNG/icon-7.png"},{"id":8,"message":{"body":{"image":"http://kchat:8080/backend/icons/PNG/icon-8.png"},"meta":8,"qCode":"get symptom","type":"image message"},"url":"http://kchat:8080/backend/icons/PNG/icon-8.png"},{"id":9,"message":{"body":{"image":"http://kchat:8080/backend/icons/PNG/icon-9.png"},"meta":9,"qCode":"get symptom","type":"image message"},"url":"http://kchat:8080/backend/icons/PNG/icon-9.png"},{"id":10,"message":{"body":{"image":"http://kchat:8080/backend/icons/PNG/icon-10.png"},"meta":10,"qCode":"get symptom","type":"image message"},"url":"http://kchat:8080/backend/icons/PNG/icon-10.png"},{"id":11,"message":{"body":{"image":"http://kchat:8080/backend/icons/PNG/icon-11.png"},"meta":11,"qCode":"get symptom","type":"image message"},"url":"http://kchat:8080/backend/icons/PNG/icon-11.png"},{"id":12,"message":{"body":{"image":"http://kchat:8080/backend/icons/PNG/icon-12.png"},"meta":12,"qCode":"get symptom","type":"image message"},"url":"http://kchat:8080/backend/icons/PNG/icon-12.png"}]}}
1482261257732	 GET/template
				 meta: {"query":{"client":"web","version":"1","template":"response list icons"}}
1482261257733	 GET/template
				 meta: {"query":{"client":"web","version":"1","template":"text message"}}
1482261262021	 GET/template
				 meta: {"query":{"client":"web","version":"1","template":"image message"}}
1482261262029	 SOCKET/message
				 meta: {"message":{"body":{"image":"http://kchat:8080/backend/icons/PNG/icon-7.png","displayName":"","self":true},"meta":7,"qCode":"get symptom","type":"image message","userId":"2h5oh850bYGVkzHd"}}
1482261263567	 SOCKET/message
				 meta: {"_id":"5806781bfbe7bc397d833a8e","owner":"57699528f4924a7f641e4950","name":"demoBot","version":"0.0.1","qcode":"get symptom","appId":"kurbi","cobjectId":"botdialog","actions":{"comments":[],"ratings":{"users":[],"avg":0,"total":0},"votes":{"users_downvote":[],"users_upvote":[],"users":[],"total":0}},"dt_update":"2016-10-18T19:29:31.026Z","dt_create":"2016-10-18T19:29:31.026Z","__v":0,"id":"5806781bfbe7bc397d833a8e","message":{"type":"text message","body":{"displayName":"Madison Area Wellness Collective","text":"So, let's talk about your situation. What seems to be bothering you?"},"qCode":null,"meta":null},"responses":{"type":"small free response","body":{"buttonText":"Add Details","prompt":"Type in your main symptom in the box below:","message":{"type":"text message","qCode":"get duration","variable":"symptom","body":{"text":""}}}}}
1482261264222	 GET/template
				 meta: {"query":{"client":"web","version":"1","template":"small free response"}}


1484929875082	 restart server
1484929875095	 connecting data service
1484929875107	 data service connected
1484929875107	 

1484929875108	 connecting main routes
1484929875241	 

1484929875241	 creating chatbox routes
1484929875242	 	/chatbox
1484929875242	 	/style
1484929875242	 	/bot
1484929875242	 	/deleteBot
1484929875242	 	/convert
1484929875244	 ./endpoints.createchatbox 
1484929875249	 ./endpoints.loadmessagetemplate 
1484929875281	 ./endpoints.conversate/operator 
1484929875283	 ./endpoints.receivecontactform 
1484929875284	 ./endpoints.log 
1484929875284	 

1484929875284	 connecting static apps
1484929875285	 ./backend 
1484929875285	 ./demo 
1484929875285	 ./builder 
1484929875285	 

1484929875285	 Error Handling 
1484929875285	 

1484929875285	 SERVER READY 



1484938301541	 restart server
1484938301553	 connecting data service
1484938301564	 data service connected
1484938301564	 

1484938301564	 connecting main routes
1484938301685	 

1484938301685	 creating chatbox routes
1484938301685	 	/chatbox
1484938301688	 	/style
1484938301688	 	/bot
1484938301688	 	/deleteBot
1484938301688	 	/convert
1484938301689	 ./endpoints.createchatbox 
1484938301690	 ./endpoints.loadmessagetemplate 
1484938301723	 ./endpoints.conversate/operator 
1484938301723	 ./endpoints.receivecontactform 
1484938301724	 ./endpoints.log 
1484938301724	 

1484938301724	 connecting static apps
1484938301724	 ./backend 
1484938301724	 ./demo 
1484938301724	 ./builder 
1484938301725	 

1484938301725	 Error Handling 
1484938301725	 

1484938301725	 SERVER READY 

1484938508285	 GET/img/favicon.png


1485377024854	 restart server
1485377024879	 connecting data service
1485377024896	 data service connected
1485377024896	 

1485377024896	 connecting main routes
1485377025120	 

1485377025120	 creating chatbox routes
1485377025121	 	/chatbox
1485377025121	 	/style
1485377025121	 	/bot
1485377025124	 	/deleteBot
1485377025124	 	/convert
1485377025126	 ./endpoints.createchatbox 
1485377025127	 ./endpoints.loadmessagetemplate 
1485377025193	 ./endpoints.conversate/operator 
1485377025193	 ./endpoints.receivecontactform 
1485377025194	 ./endpoints.log 
1485377025194	 

1485377025194	 connecting static apps
1485377025194	 ./backend 
1485377025195	 ./demo 
1485377025195	 ./builder 
1485377025195	 

1485377025195	 Error Handling 
1485377025195	 

1485377025195	 SERVER READY 

1485377656733	 PUT/chatbox
1485377656768	 	 level: error, == ENDPOINT ERROR ==
				 meta: {"stack":"TypeError: Cannot read property '_id' of undefined\n    at updateChatbox (/Applications/MAMP/htdocs/Kurbi2/kurbi-chat-prototype/endpoints.createchatbox/main.js:276:33)\n    at Layer.handle [as handle_request] (/Applications/MAMP/htdocs/Kurbi2/kurbi-chat-prototype/node_modules/express/lib/router/layer.js:95:5)\n    at next (/Applications/MAMP/htdocs/Kurbi2/kurbi-chat-prototype/node_modules/express/lib/router/route.js:131:13)\n    at next (/Applications/MAMP/htdocs/Kurbi2/kurbi-chat-prototype/node_modules/express/lib/router/route.js:125:14)\n    at next (/Applications/MAMP/htdocs/Kurbi2/kurbi-chat-prototype/node_modules/express/lib/router/route.js:125:14)\n    at Route.dispatch (/Applications/MAMP/htdocs/Kurbi2/kurbi-chat-prototype/node_modules/express/lib/router/route.js:112:3)\n    at Layer.handle [as handle_request] (/Applications/MAMP/htdocs/Kurbi2/kurbi-chat-prototype/node_modules/express/lib/router/layer.js:95:5)\n    at /Applications/MAMP/htdocs/Kurbi2/kurbi-chat-prototype/node_modules/express/lib/router/index.js:277:22\n    at Function.process_params (/Applications/MAMP/htdocs/Kurbi2/kurbi-chat-prototype/node_modules/express/lib/router/index.js:330:12)\n    at next (/Applications/MAMP/htdocs/Kurbi2/kurbi-chat-prototype/node_modules/express/lib/router/index.js:271:10)","source":"server"}


1485377738291	 restart server
1485377738306	 connecting data service
1485377738316	 data service connected
1485377738316	 

1485377738316	 connecting main routes
1485377738327	 	 level: error, == GENERAL ERROR ==
				 meta: {"stack":"SyntaxError: Unexpected identifier\n    at exports.runInThisContext (vm.js:53:16)\n    at Module._compile (module.js:387:25)\n    at Object.Module._extensions..js (module.js:422:10)\n    at Module.load (module.js:357:32)\n    at Function.Module._load (module.js:314:12)\n    at Module.require (module.js:367:17)\n    at require (internal/module.js:16:19)\n    at /Applications/MAMP/htdocs/Kurbi2/kurbi-chat-prototype/app.js:152:1\n    at process._tickCallback (node.js:402:9)\n    at Function.Module.runMain (module.js:449:11)","source":"server"}


1485377742451	 restart server
1485377742464	 connecting data service
1485377742474	 data service connected
1485377742474	 

1485377742474	 connecting main routes
1485377742481	 	 level: error, == GENERAL ERROR ==
				 meta: {"stack":"SyntaxError: Unexpected identifier\n    at exports.runInThisContext (vm.js:53:16)\n    at Module._compile (module.js:387:25)\n    at Object.Module._extensions..js (module.js:422:10)\n    at Module.load (module.js:357:32)\n    at Function.Module._load (module.js:314:12)\n    at Module.require (module.js:367:17)\n    at require (internal/module.js:16:19)\n    at /Applications/MAMP/htdocs/Kurbi2/kurbi-chat-prototype/app.js:152:1\n    at process._tickCallback (node.js:402:9)\n    at Function.Module.runMain (module.js:449:11)","source":"server"}


1485377862215	 restart server
1485377862228	 connecting data service
1485377862238	 data service connected
1485377862239	 

1485377862239	 connecting main routes
1485377862246	 	 level: error, == GENERAL ERROR ==
				 meta: {"stack":"SyntaxError: Unexpected identifier\n    at exports.runInThisContext (vm.js:53:16)\n    at Module._compile (module.js:387:25)\n    at Object.Module._extensions..js (module.js:422:10)\n    at Module.load (module.js:357:32)\n    at Function.Module._load (module.js:314:12)\n    at Module.require (module.js:367:17)\n    at require (internal/module.js:16:19)\n    at /Applications/MAMP/htdocs/Kurbi2/kurbi-chat-prototype/app.js:152:1\n    at process._tickCallback (node.js:402:9)\n    at Function.Module.runMain (module.js:449:11)","source":"server"}


1485377913430	 restart server
1485377913443	 connecting data service
1485377913456	 data service connected
1485377913456	 

1485377913456	 connecting main routes
1485377913585	 

1485377913585	 creating chatbox routes
1485377913586	 	/chatbox
1485377913586	 	/style
1485377913586	 	/bot
1485377913589	 	/deleteBot
1485377913589	 	/convert
1485377913590	 ./endpoints.createchatbox 
1485377913591	 ./endpoints.loadmessagetemplate 
1485377913624	 ./endpoints.conversate/operator 
1485377913625	 ./endpoints.receivecontactform 
1485377913625	 ./endpoints.log 
1485377913625	 

1485377913625	 connecting static apps
1485377913626	 ./backend 
1485377913626	 ./demo 
1485377913626	 ./builder 
1485377913626	 

1485377913626	 Error Handling 
1485377913626	 

1485377913626	 SERVER READY 

1485377918516	 PUT/chatbox


1485377985185	 restart server
1485377985199	 connecting data service
1485377985209	 data service connected
1485377985209	 

1485377985209	 connecting main routes
1485377985343	 

1485377985343	 creating chatbox routes
1485377985343	 	/chatbox
1485377985346	 	/style
1485377985346	 	/bot
1485377985346	 	/deleteBot
1485377985346	 	/convert
1485377985348	 ./endpoints.createchatbox 
1485377985348	 ./endpoints.loadmessagetemplate 
1485377985380	 ./endpoints.conversate/operator 
1485377985381	 ./endpoints.receivecontactform 
1485377985381	 ./endpoints.log 
1485377985381	 

1485377985381	 connecting static apps
1485377985382	 ./backend 
1485377985382	 ./demo 
1485377985382	 ./builder 
1485377985382	 

1485377985382	 Error Handling 
1485377985382	 

1485377985382	 SERVER READY 

1485378001365	 PUT/chatbox


1485378050568	 restart server
1485378050580	 connecting data service
1485378050591	 data service connected
1485378050591	 

1485378050591	 connecting main routes
1485378050724	 

1485378050724	 creating chatbox routes
1485378050725	 	/chatbox
1485378050725	 	/style
1485378050728	 	/bot
1485378050728	 	/deleteBot
1485378050728	 	/convert
1485378050729	 ./endpoints.createchatbox 
1485378050730	 ./endpoints.loadmessagetemplate 
1485378050762	 ./endpoints.conversate/operator 
1485378050762	 ./endpoints.receivecontactform 
1485378050763	 ./endpoints.log 
1485378050763	 

1485378050763	 connecting static apps
1485378050763	 ./backend 
1485378050763	 ./demo 
1485378050764	 ./builder 
1485378050764	 

1485378050764	 Error Handling 
1485378050764	 

1485378050764	 SERVER READY 

1485378055536	 PUT/chatbox
1485378163560	 PUT/chatbox
				 meta: {"body":{"_id":"'5887c7d42db6c92956a22c62'","user":"{_id:''}","styles":"['5887b9882db6c92956a22c55']","bots":"['demoBot']","allowedPages":"['chat.gokurbi.com']","documents":"[]","rule":"random"}}


1485378229882	 restart server
1485378229896	 connecting data service
1485378229907	 data service connected
1485378229907	 

1485378229907	 connecting main routes
1485378230040	 

1485378230040	 creating chatbox routes
1485378230041	 	/chatbox
1485378230041	 	/style
1485378230044	 	/bot
1485378230044	 	/deleteBot
1485378230044	 	/convert
1485378230045	 ./endpoints.createchatbox 
1485378230046	 ./endpoints.loadmessagetemplate 
1485378230077	 ./endpoints.conversate/operator 
1485378230078	 ./endpoints.receivecontactform 
1485378230078	 ./endpoints.log 
1485378230078	 

1485378230078	 connecting static apps
1485378230079	 ./backend 
1485378230079	 ./demo 
1485378230079	 ./builder 
1485378230079	 

1485378230079	 Error Handling 
1485378230079	 

1485378230079	 SERVER READY 

1485378251604	 PUT/chatbox
				 meta: {"body":{"_id":"'5887c7d42db6c92956a22c62'","user":"{_id:''}","styles":"['5887b9882db6c92956a22c55']","bots":"['demoBot']","allowedPages":"['chat.gokurbi.com']","documents":"[]","rule":"random"}}


1485378291584	 restart server
1485378291597	 connecting data service
1485378291607	 data service connected
1485378291607	 

1485378291607	 connecting main routes
1485378291743	 

1485378291743	 creating chatbox routes
1485378291743	 	/chatbox
1485378291743	 	/style
1485378291744	 	/bot
1485378291744	 	/deleteBot
1485378291744	 	/convert
1485378291745	 ./endpoints.createchatbox 
1485378291749	 ./endpoints.loadmessagetemplate 
1485378291785	 ./endpoints.conversate/operator 
1485378291785	 ./endpoints.receivecontactform 
1485378291786	 ./endpoints.log 
1485378291786	 

1485378291786	 connecting static apps
1485378291786	 ./backend 
1485378291786	 ./demo 
1485378291786	 ./builder 
1485378291787	 

1485378291787	 Error Handling 
1485378291787	 

1485378291787	 SERVER READY 

1485378302156	 PUT/chatbox
				 meta: {"body":{"_id":"'5887c7d42db6c92956a22c62'","user":"{_id:''}","styles":"['5887b9882db6c92956a22c55']","bots":"['demoBot']","allowedPages":"['chat.gokurbi.com']","documents":"[]","rule":"random"}}


1485378381512	 restart server
1485378381524	 connecting data service
1485378381534	 data service connected
1485378381534	 

1485378381534	 connecting main routes
1485378381665	 

1485378381665	 creating chatbox routes
1485378381665	 	/chatbox
1485378381668	 	/style
1485378381668	 	/bot
1485378381669	 	/deleteBot
1485378381669	 	/convert
1485378381670	 ./endpoints.createchatbox 
1485378381671	 ./endpoints.loadmessagetemplate 
1485378381702	 ./endpoints.conversate/operator 
1485378381702	 ./endpoints.receivecontactform 
1485378381703	 ./endpoints.log 
1485378381703	 

1485378381703	 connecting static apps
1485378381703	 ./backend 
1485378381703	 ./demo 
1485378381703	 ./builder 
1485378381704	 

1485378381704	 Error Handling 
1485378381704	 

1485378381704	 SERVER READY 

1485378387488	 PUT/chatbox
				 meta: {"body":{"_id":"'5887c7d42db6c92956a22c62'","user":"{_id:''}","styles":"['5887b9882db6c92956a22c55']","bots":"['demoBot']","allowedPages":"['chat.gokurbi.com']","documents":"[]","rule":"random"}}


1485378438137	 restart server
1485378438150	 connecting data service
1485378438163	 data service connected
1485378438163	 

1485378438163	 connecting main routes
1485378438295	 

1485378438295	 creating chatbox routes
1485378438295	 	/chatbox
1485378438295	 	/style
1485378438296	 	/bot
1485378438296	 	/deleteBot
1485378438296	 	/convert
1485378438297	 ./endpoints.createchatbox 
1485378438302	 ./endpoints.loadmessagetemplate 
1485378438338	 ./endpoints.conversate/operator 
1485378438339	 ./endpoints.receivecontactform 
1485378438339	 ./endpoints.log 
1485378438339	 

1485378438339	 connecting static apps
1485378438340	 ./backend 
1485378438340	 ./demo 
1485378438340	 ./builder 
1485378438340	 

1485378438340	 Error Handling 
1485378438340	 

1485378438340	 SERVER READY 

1485378442520	 PUT/chatbox
				 meta: {"body":{"_id":"'5887c7d42db6c92956a22c62'","user":"{_id:''}","styles":"['5887b9882db6c92956a22c55']","bots":"['demoBot']","allowedPages":"['chat.gokurbi.com']","documents":"[]","rule":"random"}}


1485378470034	 restart server
1485378470048	 connecting data service
1485378470060	 data service connected
1485378470060	 

1485378470060	 connecting main routes
1485378470188	 

1485378470188	 creating chatbox routes
1485378470188	 	/chatbox
1485378470191	 	/style
1485378470191	 	/bot
1485378470192	 	/deleteBot
1485378470192	 	/convert
1485378470193	 ./endpoints.createchatbox 
1485378470193	 ./endpoints.loadmessagetemplate 
1485378470225	 ./endpoints.conversate/operator 
1485378470226	 ./endpoints.receivecontactform 
1485378470226	 ./endpoints.log 
1485378470226	 

1485378470226	 connecting static apps
1485378470227	 ./backend 
1485378470227	 ./demo 
1485378470227	 ./builder 
1485378470227	 

1485378470227	 Error Handling 
1485378470227	 

1485378470227	 SERVER READY 

1485378472627	 PUT/chatbox
				 meta: {"body":{"_id":"'5887c7d42db6c92956a22c62'","user":"{_id:''}","styles":"['5887b9882db6c92956a22c55']","bots":"['demoBot']","allowedPages":"['chat.gokurbi.com']","documents":"[]","rule":"random"}}


1485378490102	 restart server
1485378490115	 connecting data service
1485378490124	 data service connected
1485378490124	 

1485378490124	 connecting main routes
1485378490266	 

1485378490266	 creating chatbox routes
1485378490267	 	/chatbox
1485378490267	 	/style
1485378490267	 	/bot
1485378490267	 	/deleteBot
1485378490267	 	/convert
1485378490268	 ./endpoints.createchatbox 
1485378490272	 ./endpoints.loadmessagetemplate 
1485378490307	 ./endpoints.conversate/operator 
1485378490307	 ./endpoints.receivecontactform 
1485378490308	 ./endpoints.log 
1485378490308	 

1485378490308	 connecting static apps
1485378490308	 ./backend 
1485378490308	 ./demo 
1485378490308	 ./builder 
1485378490308	 

1485378490308	 Error Handling 
1485378490308	 

1485378490309	 SERVER READY 

1485378493224	 PUT/chatbox
				 meta: {"body":{"_id":"'5887c7d42db6c92956a22c62'","user":"{_id:''}","styles":"['5887b9882db6c92956a22c55']","bots":"['demoBot']","allowedPages":"['chat.gokurbi.com']","documents":"[]","rule":"random"}}
1485378493243	 	 level: error, == ENDPOINT ERROR ==
				 meta: {"stack":"ReferenceError: id is not defined\n    at Object.setChatBox (/Applications/MAMP/htdocs/Kurbi2/kurbi-chat-prototype/service.data/stamplay/chatbox.js:58:34)\n    at updateChatbox (/Applications/MAMP/htdocs/Kurbi2/kurbi-chat-prototype/endpoints.createchatbox/main.js:288:6)\n    at Layer.handle [as handle_request] (/Applications/MAMP/htdocs/Kurbi2/kurbi-chat-prototype/node_modules/express/lib/router/layer.js:95:5)\n    at next (/Applications/MAMP/htdocs/Kurbi2/kurbi-chat-prototype/node_modules/express/lib/router/route.js:131:13)\n    at next (/Applications/MAMP/htdocs/Kurbi2/kurbi-chat-prototype/node_modules/express/lib/router/route.js:125:14)\n    at next (/Applications/MAMP/htdocs/Kurbi2/kurbi-chat-prototype/node_modules/express/lib/router/route.js:125:14)\n    at Route.dispatch (/Applications/MAMP/htdocs/Kurbi2/kurbi-chat-prototype/node_modules/express/lib/router/route.js:112:3)\n    at Layer.handle [as handle_request] (/Applications/MAMP/htdocs/Kurbi2/kurbi-chat-prototype/node_modules/express/lib/router/layer.js:95:5)\n    at /Applications/MAMP/htdocs/Kurbi2/kurbi-chat-prototype/node_modules/express/lib/router/index.js:277:22\n    at Function.process_params (/Applications/MAMP/htdocs/Kurbi2/kurbi-chat-prototype/node_modules/express/lib/router/index.js:330:12)","source":"server"}


1485378510142	 restart server
1485378510154	 connecting data service
1485378510164	 data service connected
1485378510164	 

1485378510164	 connecting main routes
1485378510295	 

1485378510295	 creating chatbox routes
1485378510295	 	/chatbox
1485378510295	 	/style
1485378510298	 	/bot
1485378510299	 	/deleteBot
1485378510299	 	/convert
1485378510300	 ./endpoints.createchatbox 
1485378510301	 ./endpoints.loadmessagetemplate 
1485378510332	 ./endpoints.conversate/operator 
1485378510333	 ./endpoints.receivecontactform 
1485378510333	 ./endpoints.log 
1485378510333	 

1485378510333	 connecting static apps
1485378510334	 ./backend 
1485378510334	 ./demo 
1485378510334	 ./builder 
1485378510334	 

1485378510334	 Error Handling 
1485378510334	 

1485378510334	 SERVER READY 

1485378512541	 PUT/chatbox
				 meta: {"body":{"_id":"'5887c7d42db6c92956a22c62'","user":"{_id:''}","styles":"['5887b9882db6c92956a22c55']","bots":"['demoBot']","allowedPages":"['chat.gokurbi.com']","documents":"[]","rule":"random"}}


1485378556574	 restart server
1485378556590	 connecting data service
1485378556601	 data service connected
1485378556601	 

1485378556601	 connecting main routes
1485378556727	 

1485378556728	 creating chatbox routes
1485378556728	 	/chatbox
1485378556728	 	/style
1485378556732	 	/bot
1485378556733	 	/deleteBot
1485378556733	 	/convert
1485378556734	 ./endpoints.createchatbox 
1485378556735	 ./endpoints.loadmessagetemplate 
1485378556772	 ./endpoints.conversate/operator 
1485378556772	 ./endpoints.receivecontactform 
1485378556773	 ./endpoints.log 
1485378556773	 

1485378556773	 connecting static apps
1485378556774	 ./backend 
1485378556774	 ./demo 
1485378556774	 ./builder 
1485378556774	 

1485378556774	 Error Handling 
1485378556774	 

1485378556774	 SERVER READY 

1485378558941	 PUT/chatbox
				 meta: {"body":{"chatbox_id":"'5887c7d42db6c92956a22c62'","user":"{_id:''}","styles":"['5887b9882db6c92956a22c55']","bots":"['demoBot']","allowedPages":"['chat.gokurbi.com']","documents":"[]","rule":"random"}}


1485378642030	 restart server
1485378642043	 connecting data service
1485378642054	 data service connected
1485378642054	 

1485378642054	 connecting main routes
1485378642188	 

1485378642188	 creating chatbox routes
1485378642189	 	/chatbox
1485378642189	 	/style
1485378642192	 	/bot
1485378642192	 	/deleteBot
1485378642192	 	/convert
1485378642193	 ./endpoints.createchatbox 
1485378642194	 ./endpoints.loadmessagetemplate 
1485378642226	 ./endpoints.conversate/operator 
1485378642227	 ./endpoints.receivecontactform 
1485378642227	 ./endpoints.log 
1485378642227	 

1485378642227	 connecting static apps
1485378642228	 ./backend 
1485378642228	 ./demo 
1485378642228	 ./builder 
1485378642228	 

1485378642228	 Error Handling 
1485378642228	 

1485378642228	 SERVER READY 

1485378650241	 PUT/chatbox
				 meta: {"body":{"chatbox_id":"'5887c7d42db6c92956a22c62'","user":"{_id:''}","styles":"['5887b9882db6c92956a22c55']","bots":"['demoBot']","allowedPages":"['chat.gokurbi.com']","documents":"[]","rule":"random"}}


1485379316072	 restart server
1485379316086	 connecting data service
1485379316097	 data service connected
1485379316098	 

1485379316098	 connecting main routes
1485379316229	 

1485379316229	 creating chatbox routes
1485379316230	 	/chatbox
1485379316232	 	/style
1485379316233	 	/bot
1485379316233	 	/deleteBot
1485379316233	 	/convert
1485379316234	 ./endpoints.createchatbox 
1485379316235	 ./endpoints.loadmessagetemplate 
1485379316268	 ./endpoints.conversate/operator 
1485379316269	 ./endpoints.receivecontactform 
1485379316269	 ./endpoints.log 
1485379316269	 

1485379316269	 connecting static apps
1485379316269	 ./backend 
1485379316270	 ./demo 
1485379316270	 ./builder 
1485379316270	 

1485379316270	 Error Handling 
1485379316270	 

1485379316270	 SERVER READY 

1485379319382	 PUT/chatbox
				 meta: {"body":{"chatbox_id":"'5887c7d42db6c92956a22c62'","user":"{_id:''}","styles":"['5887b9882db6c92956a22c55']","bots":"['demoBot']","allowedPages":"['chat.gokurbi.com']","documents":"[]","rule":"random"}}


1485379383736	 restart server
1485379383755	 connecting data service
1485379383767	 data service connected
1485379383767	 

1485379383767	 connecting main routes
1485379383898	 

1485379383898	 creating chatbox routes
1485379383899	 	/chatbox
1485379383899	 	/style
1485379383899	 	/bot
1485379383899	 	/deleteBot
1485379383899	 	/convert
1485379383901	 ./endpoints.createchatbox 
1485379383905	 ./endpoints.loadmessagetemplate 
1485379383940	 ./endpoints.conversate/operator 
1485379383941	 ./endpoints.receivecontactform 
1485379383941	 ./endpoints.log 
1485379383941	 

1485379383941	 connecting static apps
1485379383942	 ./backend 
1485379383942	 ./demo 
1485379383942	 ./builder 
1485379383942	 

1485379383942	 Error Handling 
1485379383942	 

1485379383942	 SERVER READY 

1485379386658	 PUT/chatbox
				 meta: {"body":{"chatbox_id":"'5887c7d42db6c92956a22c62'","user":"{_id:''}","styles":"['5887b9882db6c92956a22c55']","bots":"['demoBot']","allowedPages":"['chat.gokurbi.com']","documents":"[]","rule":"random"}}


1485379409615	 restart server
1485379409630	 connecting data service
1485379409640	 data service connected
1485379409640	 

1485379409640	 connecting main routes
1485379409775	 

1485379409775	 creating chatbox routes
1485379409776	 	/chatbox
1485379409776	 	/style
1485379409776	 	/bot
1485379409776	 	/deleteBot
1485379409776	 	/convert
1485379409777	 ./endpoints.createchatbox 
1485379409781	 ./endpoints.loadmessagetemplate 
1485379409814	 ./endpoints.conversate/operator 
1485379409814	 ./endpoints.receivecontactform 
1485379409815	 ./endpoints.log 
1485379409815	 

1485379409815	 connecting static apps
1485379409815	 ./backend 
1485379409815	 ./demo 
1485379409815	 ./builder 
1485379409815	 

1485379409815	 Error Handling 
1485379409815	 

1485379409815	 SERVER READY 

1485379415780	 PUT/chatbox
				 meta: {"body":{"chatbox_id":"'5887c7d42db6c92956a22c62'","user":"{_id:''}","styles":"['5887b9882db6c92956a22c55']","bots":"['demoBot']","allowedPages":"['chat.gokurbi.com']","documents":"[]","rule":"random"}}


1485379463108	 restart server
1485379463120	 connecting data service
1485379463132	 data service connected
1485379463132	 

1485379463132	 connecting main routes
1485379463262	 

1485379463262	 creating chatbox routes
1485379463262	 	/chatbox
1485379463265	 	/style
1485379463265	 	/bot
1485379463265	 	/deleteBot
1485379463265	 	/convert
1485379463267	 ./endpoints.createchatbox 
1485379463267	 ./endpoints.loadmessagetemplate 
1485379463299	 ./endpoints.conversate/operator 
1485379463299	 ./endpoints.receivecontactform 
1485379463300	 ./endpoints.log 
1485379463300	 

1485379463300	 connecting static apps
1485379463300	 ./backend 
1485379463300	 ./demo 
1485379463300	 ./builder 
1485379463300	 

1485379463300	 Error Handling 
1485379463300	 

1485379463300	 SERVER READY 

1485379466774	 PUT/chatbox
				 meta: {"body":{"chatbox_id":"'5887c7d42db6c92956a22c62'","user":"{_id:''}","styles":"['5887b9882db6c92956a22c55']","bots":"['demoBot']","allowedPages":"['chat.gokurbi.com']","documents":"[]","rule":"random"}}


1485379501146	 restart server
1485379501159	 connecting data service
1485379501170	 data service connected
1485379501170	 

1485379501171	 connecting main routes
1485379501305	 

1485379501305	 creating chatbox routes
1485379501306	 	/chatbox
1485379501306	 	/style
1485379501306	 	/bot
1485379501306	 	/deleteBot
1485379501306	 	/convert
1485379501307	 ./endpoints.createchatbox 
1485379501311	 ./endpoints.loadmessagetemplate 
1485379501346	 ./endpoints.conversate/operator 
1485379501346	 ./endpoints.receivecontactform 
1485379501347	 ./endpoints.log 
1485379501347	 

1485379501347	 connecting static apps
1485379501347	 ./backend 
1485379501347	 ./demo 
1485379501347	 ./builder 
1485379501348	 

1485379501348	 Error Handling 
1485379501348	 

1485379501348	 SERVER READY 

1485379646962	 PUT/chatbox
				 meta: {"body":{"chatbox_id":"'5887c7d42db6c92956a22c62'","user":"{_id:''}","styles":"['5887b9882db6c92956a22c55']","bots":"['demoBot']","allowedPages":"['chat.gokurbi.com']","documents":"[]","rule":"random"}}
1485379715974	 PUT/chatbox
				 meta: {"body":{"chatbox_id":"5887c7d42db6c92956a22c62","user":"{_id:''}","styles":"['5887b9882db6c92956a22c55']","bots":"['demoBot']","allowedPages":"['chat.gokurbi.com']","documents":"[]","rule":"random"}}


1485379732428	 restart server
1485379732440	 connecting data service
1485379732454	 data service connected
1485379732454	 

1485379732454	 connecting main routes
1485379732583	 

1485379732583	 creating chatbox routes
1485379732583	 	/chatbox
1485379732584	 	/style
1485379732584	 	/bot
1485379732584	 	/deleteBot
1485379732584	 	/convert
1485379732585	 ./endpoints.createchatbox 
1485379732589	 ./endpoints.loadmessagetemplate 
1485379732622	 ./endpoints.conversate/operator 
1485379732622	 ./endpoints.receivecontactform 
1485379732623	 ./endpoints.log 
1485379732623	 

1485379732623	 connecting static apps
1485379732623	 ./backend 
1485379732623	 ./demo 
1485379732623	 ./builder 
1485379732624	 

1485379732624	 Error Handling 
1485379732624	 

1485379732624	 SERVER READY 

1485379738089	 PUT/chatbox
				 meta: {"body":{"chatbox_id":"5887c7d42db6c92956a22c62","user":"{_id:''}","styles":"['5887b9882db6c92956a22c55']","bots":"['demoBot']","allowedPages":"['chat.gokurbi.com']","documents":"[]","rule":"random"}}


1485379802928	 restart server
1485379802941	 connecting data service
1485379802951	 data service connected
1485379802951	 

1485379802951	 connecting main routes
1485379803084	 

1485379803085	 creating chatbox routes
1485379803085	 	/chatbox
1485379803085	 	/style
1485379803089	 	/bot
1485379803089	 	/deleteBot
1485379803089	 	/convert
1485379803091	 ./endpoints.createchatbox 
1485379803092	 ./endpoints.loadmessagetemplate 
1485379803124	 ./endpoints.conversate/operator 
1485379803125	 ./endpoints.receivecontactform 
1485379803125	 ./endpoints.log 
1485379803125	 

1485379803125	 connecting static apps
1485379803125	 ./backend 
1485379803125	 ./demo 
1485379803126	 ./builder 
1485379803126	 

1485379803126	 Error Handling 
1485379803126	 

1485379803126	 SERVER READY 

1485379805337	 PUT/chatbox
				 meta: {"body":{"chatbox_id":"5887c7d42db6c92956a22c62","user":"{_id:''}","styles":"['5887b9882db6c92956a22c55']","bots":"['demoBot']","allowedPages":"['chat.gokurbi.com']","documents":"[]","rule":"random"}}


1485380388838	 restart server
1485380388851	 connecting data service
1485380388862	 data service connected
1485380388862	 

1485380388862	 connecting main routes
1485380388991	 

1485380388991	 creating chatbox routes
1485380388991	 	/chatbox
1485380388991	 	/style
1485380388992	 	/bot
1485380388992	 	/deleteBot
1485380388992	 	/convert
1485380388996	 ./endpoints.createchatbox 
1485380388997	 ./endpoints.loadmessagetemplate 
1485380389029	 ./endpoints.conversate/operator 
1485380389030	 ./endpoints.receivecontactform 
1485380389030	 ./endpoints.log 
1485380389030	 

1485380389031	 connecting static apps
1485380389031	 ./backend 
1485380389031	 ./demo 
1485380389031	 ./builder 
1485380389031	 

1485380389031	 Error Handling 
1485380389031	 

1485380389031	 SERVER READY 

1485380391952	 PUT/chatbox
				 meta: {"body":{"chatbox_id":"5887c7d42db6c92956a22c62","user":"{_id:''}","styles":"['5887b9882db6c92956a22c55']","bots":"['demoBot']","allowedPages":"['chat.gokurbi.com']","documents":"[]","rule":"random"}}


1485380427333	 restart server
1485380427345	 connecting data service
1485380427356	 data service connected
1485380427356	 

1485380427356	 connecting main routes
1485380427484	 

1485380427484	 creating chatbox routes
1485380427484	 	/chatbox
1485380427484	 	/style
1485380427487	 	/bot
1485380427487	 	/deleteBot
1485380427487	 	/convert
1485380427489	 ./endpoints.createchatbox 
1485380427489	 ./endpoints.loadmessagetemplate 
1485380427523	 ./endpoints.conversate/operator 
1485380427523	 ./endpoints.receivecontactform 
1485380427524	 ./endpoints.log 
1485380427524	 

1485380427524	 connecting static apps
1485380427524	 ./backend 
1485380427524	 ./demo 
1485380427524	 ./builder 
1485380427524	 

1485380427524	 Error Handling 
1485380427524	 

1485380427524	 SERVER READY 

1485380429629	 PUT/chatbox
				 meta: {"body":{"chatbox_id":"5887c7d42db6c92956a22c62","user":"{_id:''}","styles":"['5887b9882db6c92956a22c55']","bots":"['demoBot']","allowedPages":"['chat.gokurbi.com']","documents":"[]","rule":"random"}}
1485380429647	 	 level: error, == ENDPOINT ERROR ==
				 meta: {"stack":"SyntaxError: Unexpected token '\n    at Object.parse (native)\n    at updateChatbox (/Applications/MAMP/htdocs/Kurbi2/kurbi-chat-prototype/endpoints.createchatbox/main.js:282:69)\n    at Layer.handle [as handle_request] (/Applications/MAMP/htdocs/Kurbi2/kurbi-chat-prototype/node_modules/express/lib/router/layer.js:95:5)\n    at next (/Applications/MAMP/htdocs/Kurbi2/kurbi-chat-prototype/node_modules/express/lib/router/route.js:131:13)\n    at next (/Applications/MAMP/htdocs/Kurbi2/kurbi-chat-prototype/node_modules/express/lib/router/route.js:125:14)\n    at next (/Applications/MAMP/htdocs/Kurbi2/kurbi-chat-prototype/node_modules/express/lib/router/route.js:125:14)\n    at Route.dispatch (/Applications/MAMP/htdocs/Kurbi2/kurbi-chat-prototype/node_modules/express/lib/router/route.js:112:3)\n    at Layer.handle [as handle_request] (/Applications/MAMP/htdocs/Kurbi2/kurbi-chat-prototype/node_modules/express/lib/router/layer.js:95:5)\n    at /Applications/MAMP/htdocs/Kurbi2/kurbi-chat-prototype/node_modules/express/lib/router/index.js:277:22\n    at Function.process_params (/Applications/MAMP/htdocs/Kurbi2/kurbi-chat-prototype/node_modules/express/lib/router/index.js:330:12)","source":"server"}


1485443736536	 restart server
1485443736557	 connecting data service
1485443736574	 data service connected
1485443736574	 

1485443736574	 connecting main routes
1485443736763	 

1485443736764	 creating chatbox routes
1485443736764	 	/chatbox
1485443736764	 	/style
1485443736767	 	/bot
1485443736767	 	/deleteBot
1485443736767	 	/convert
1485443736769	 ./endpoints.createchatbox 
1485443736770	 ./endpoints.loadmessagetemplate 
1485443736820	 ./endpoints.conversate/operator 
1485443736821	 ./endpoints.receivecontactform 
1485443736822	 ./endpoints.log 
1485443736822	 

1485443736822	 connecting static apps
1485443736822	 ./backend 
1485443736822	 ./demo 
1485443736822	 ./builder 
1485443736822	 

1485443736822	 Error Handling 
1485443736822	 

1485443736823	 SERVER READY 

1485443743151	 PUT/chatbox
				 meta: {"body":{"chatbox_id":"5887c7d42db6c92956a22c62","user":"{_id:''}","styles":"5887b9882db6c92956a22c55","bots":"demoBot","allowedPages":"chat.gokurbi.com","documents":"[]","rule":"random"}}
1485443743168	 	 level: error, == ENDPOINT ERROR ==
				 meta: {"stack":"SyntaxError: Unexpected token b\n    at Object.parse (native)\n    at updateChatbox (/Applications/MAMP/htdocs/Kurbi2/kurbi-chat-prototype/endpoints.createchatbox/main.js:282:69)\n    at Layer.handle [as handle_request] (/Applications/MAMP/htdocs/Kurbi2/kurbi-chat-prototype/node_modules/express/lib/router/layer.js:95:5)\n    at next (/Applications/MAMP/htdocs/Kurbi2/kurbi-chat-prototype/node_modules/express/lib/router/route.js:131:13)\n    at next (/Applications/MAMP/htdocs/Kurbi2/kurbi-chat-prototype/node_modules/express/lib/router/route.js:125:14)\n    at next (/Applications/MAMP/htdocs/Kurbi2/kurbi-chat-prototype/node_modules/express/lib/router/route.js:125:14)\n    at Route.dispatch (/Applications/MAMP/htdocs/Kurbi2/kurbi-chat-prototype/node_modules/express/lib/router/route.js:112:3)\n    at Layer.handle [as handle_request] (/Applications/MAMP/htdocs/Kurbi2/kurbi-chat-prototype/node_modules/express/lib/router/layer.js:95:5)\n    at /Applications/MAMP/htdocs/Kurbi2/kurbi-chat-prototype/node_modules/express/lib/router/index.js:277:22\n    at Function.process_params (/Applications/MAMP/htdocs/Kurbi2/kurbi-chat-prototype/node_modules/express/lib/router/index.js:330:12)","source":"server"}


1485443934252	 restart server
1485443934266	 connecting data service
1485443934277	 data service connected
1485443934277	 

1485443934277	 connecting main routes
1485443934407	 

1485443934408	 creating chatbox routes
1485443934408	 	/chatbox
1485443934408	 	/style
1485443934412	 	/bot
1485443934412	 	/deleteBot
1485443934412	 	/convert
1485443934414	 ./endpoints.createchatbox 
1485443934414	 ./endpoints.loadmessagetemplate 
1485443934449	 ./endpoints.conversate/operator 
1485443934449	 ./endpoints.receivecontactform 
1485443934450	 ./endpoints.log 
1485443934450	 

1485443934450	 connecting static apps
1485443934450	 ./backend 
1485443934450	 ./demo 
1485443934450	 ./builder 
1485443934451	 

1485443934451	 Error Handling 
1485443934451	 

1485443934451	 SERVER READY 

1485443943610	 PUT/chatbox
				 meta: {"body":{"chatbox_id":"5887c7d42db6c92956a22c62","user":"{_id:''}","styles":"5887b9882db6c92956a22c55","bots":"demoBot","allowedPages":"chat.gokurbi.com","documents":"[]","rule":"random"}}


1485463905956	 restart server
1485463905977	 connecting data service
1485463905993	 data service connected
1485463905993	 

1485463905993	 connecting main routes
1485463906198	 

1485463906198	 creating chatbox routes
1485463906199	 	/chatbox
1485463906202	 	/style
1485463906202	 	/bot
1485463906203	 	/deleteBot
1485463906203	 	/convert
1485463906204	 ./endpoints.createchatbox 
1485463906205	 ./endpoints.loadmessagetemplate 
1485463906264	 ./endpoints.conversate/operator 
1485463906265	 ./endpoints.receivecontactform 
1485463906266	 ./endpoints.log 
1485463906266	 

1485463906266	 connecting static apps
1485463906266	 ./backend 
1485463906266	 ./demo 
1485463906266	 ./builder 
1485463906267	 

1485463906267	 Error Handling 
1485463906267	 

1485463906267	 SERVER READY 



1485463958032	 restart server
1485463958044	 connecting data service
1485463958054	 data service connected
1485463958054	 

1485463958054	 connecting main routes
1485463958188	 

1485463958188	 creating chatbox routes
1485463958188	 	/chatbox
1485463958189	 	/style
1485463958191	 	/bot
1485463958192	 	/deleteBot
1485463958192	 	/convert
1485463958193	 ./endpoints.createchatbox 
1485463958194	 ./endpoints.loadmessagetemplate 
1485463958226	 ./endpoints.conversate/operator 
1485463958226	 ./endpoints.receivecontactform 
1485463958227	 ./endpoints.log 
1485463958227	 

1485463958227	 connecting static apps
1485463958227	 ./backend 
1485463958227	 ./demo 
1485463958227	 ./builder 
1485463958228	 

1485463958228	 Error Handling 
1485463958228	 

1485463958228	 SERVER READY 



1485463999691	 restart server
1485463999705	 connecting data service
1485463999715	 data service connected
1485463999715	 

1485463999716	 connecting main routes
1485463999844	 

1485463999844	 creating chatbox routes
1485463999845	 	/chatbox
1485463999845	 	/style
1485463999845	 	/bot
1485463999845	 	/deleteBot
1485463999845	 	/convert
1485463999846	 ./endpoints.createchatbox 
1485463999850	 ./endpoints.loadmessagetemplate 
1485463999883	 ./endpoints.conversate/operator 
1485463999884	 ./endpoints.receivecontactform 
1485463999884	 ./endpoints.log 
1485463999884	 

1485463999884	 connecting static apps
1485463999884	 ./backend 
1485463999885	 ./demo 
1485463999885	 ./builder 
1485463999885	 

1485463999885	 Error Handling 
1485463999885	 

1485463999885	 SERVER READY 



1485464017387	 restart server
1485464017400	 connecting data service
1485464017410	 data service connected
1485464017410	 

1485464017410	 connecting main routes
1485464017540	 

1485464017541	 creating chatbox routes
1485464017541	 	/chatbox
1485464017541	 	/style
1485464017541	 	/bot
1485464017541	 	/deleteBot
1485464017541	 	/convert
1485464017543	 ./endpoints.createchatbox 
1485464017547	 ./endpoints.loadmessagetemplate 
1485464017580	 ./endpoints.conversate/operator 
1485464017581	 ./endpoints.receivecontactform 
1485464017581	 ./endpoints.log 
1485464017581	 

1485464017581	 connecting static apps
1485464017582	 ./backend 
1485464017582	 ./demo 
1485464017582	 ./builder 
1485464017582	 

1485464017582	 Error Handling 
1485464017582	 

1485464017582	 SERVER READY 



1485464072683	 restart server
1485464072701	 connecting data service
1485464072717	 data service connected
1485464072717	 

1485464072717	 connecting main routes
1485464072895	 

1485464072895	 creating chatbox routes
1485464072896	 	/chatbox
1485464072899	 	/style
1485464072899	 	/bot
1485464072899	 	/deleteBot
1485464072899	 	/convert
1485464072901	 ./endpoints.createchatbox 
1485464072902	 ./endpoints.loadmessagetemplate 
1485464072948	 ./endpoints.conversate/operator 
1485464072948	 ./endpoints.receivecontactform 
1485464072949	 ./endpoints.log 
1485464072949	 

1485464072949	 connecting static apps
1485464072949	 ./backend 
1485464072950	 ./demo 
1485464072950	 ./builder 
1485464072950	 

1485464072950	 Error Handling 
1485464072950	 

1485464072950	 SERVER READY 



1485464110521	 restart server
1485464110534	 connecting data service
1485464110544	 data service connected
1485464110544	 

1485464110544	 connecting main routes
1485464110676	 

1485464110676	 creating chatbox routes
1485464110677	 	/chatbox
1485464110677	 	/style
1485464110677	 	/bot
1485464110677	 	/deleteBot
1485464110677	 	/convert
1485464110678	 ./endpoints.createchatbox 
1485464110682	 ./endpoints.loadmessagetemplate 
1485464110717	 ./endpoints.conversate/operator 
1485464110717	 ./endpoints.receivecontactform 
1485464110718	 ./endpoints.log 
1485464110718	 

1485464110718	 connecting static apps
1485464110718	 ./backend 
1485464110718	 ./demo 
1485464110718	 ./builder 
1485464110718	 

1485464110718	 Error Handling 
1485464110718	 

1485464110718	 SERVER READY 



1485535220328	 restart server
1485535220350	 connecting data service
1485535220367	 data service connected
1485535220367	 

1485535220367	 connecting main routes
1485535220566	 

1485535220566	 creating chatbox routes
1485535220567	 	/chatbox
1485535220567	 	/style
1485535220570	 	/bot
1485535220570	 	/deleteBot
1485535220570	 	/convert
1485535220572	 ./endpoints.createchatbox 
1485535220573	 ./endpoints.loadmessagetemplate 
1485535220649	 ./endpoints.conversate/operator 
1485535220650	 ./endpoints.receivecontactform 
1485535220651	 ./endpoints.log 
1485535220651	 

1485535220651	 connecting static apps
1485535220651	 ./backend 
1485535220651	 ./demo 
1485535220651	 ./builder 
1485535220652	 

1485535220652	 Error Handling 
1485535220652	 

1485535220652	 SERVER READY 

1485535227829	 PUT/chatbox
				 meta: {"body":{"chatbox_id":"5887c7d42db6c92956a22c62","styles":"5887b9882db6c92956a22c55","bots":"demoBot","allowedPages":"chat.gokurbi.com","documents":"[]","rule":"random"}}


1485537707140	 restart server
1485537707152	 connecting data service
1485537707168	 data service connected
1485537707169	 

1485537707169	 connecting main routes
1485537707326	 

1485537707326	 creating chatbox routes
1485537707327	 	/chatbox
1485537707327	 	/style
1485537707327	 	/bot
1485537707327	 	/deleteBot
1485537707327	 	/convert
1485537707328	 ./endpoints.createchatbox 
1485537707332	 ./endpoints.loadmessagetemplate 
1485537707371	 ./endpoints.conversate/operator 
1485537707371	 ./endpoints.receivecontactform 
1485537707372	 ./endpoints.log 
1485537707372	 

1485537707372	 connecting static apps
1485537707372	 ./backend 
1485537707372	 ./demo 
1485537707373	 ./builder 
1485537707373	 

1485537707373	 Error Handling 
1485537707373	 

1485537707373	 SERVER READY 



1487704187400	 restart server
1487704187423	 connecting data service
1487704187441	 data service connected
1487704187441	 

1487704187441	 connecting main routes
1487704187641	 

1487704187641	 creating chatbox routes
1487704187642	 	/chatbox
1487704187642	 	/style
1487704187645	 	/bot
1487704187645	 	/deleteBot
1487704187645	 	/convert
1487704187647	 ./endpoints.createchatbox 
1487704187648	 ./endpoints.loadmessagetemplate 
1487704187704	 ./endpoints.conversate/operator 
1487704187705	 ./endpoints.receivecontactform 
1487704187705	 ./endpoints.log 
1487704187705	 

1487704187705	 connecting static apps
1487704187706	 ./backend 
1487704187706	 ./demo 
1487704187706	 ./builder 
1487704187706	 

1487704187706	 Error Handling 
1487704187706	 

1487704187706	 SERVER READY 

1487704199074	 GET/img/favicon.png


1487704234886	 restart server
1487704234899	 connecting data service
1487704234910	 data service connected
1487704234911	 

1487704234911	 connecting main routes
1487704235043	 

1487704235043	 creating chatbox routes
1487704235043	 	/chatbox
1487704235044	 	/style
1487704235044	 	/bot
1487704235044	 	/deleteBot
1487704235044	 	/convert
1487704235045	 ./endpoints.createchatbox 
1487704235050	 ./endpoints.loadmessagetemplate 
1487704235083	 ./endpoints.conversate/operator 
1487704235083	 ./endpoints.receivecontactform 
1487704235083	 ./endpoints.log 
1487704235083	 

1487704235084	 connecting static apps
1487704235084	 ./backend 
1487704235084	 ./demo 
1487704235084	 ./builder 
1487704235084	 

1487704235084	 Error Handling 
1487704235084	 

1487704235084	 SERVER READY 

